Startpoint: _26669_ (rising edge-triggered flip-flop clocked by clk)
Endpoint: _26669_ (rising edge-triggered flip-flop clocked by clk)
Path Group: clk
Path Type: min

Fanout     Cap    Slew   Delay    Time   Description
-----------------------------------------------------------------------------
                  0.00    0.00    0.00   clock clk (rise edge)
                          0.00    0.00   clock network delay (ideal)
                  0.00    0.00    0.00 ^ _26669_/CLK (sky130_fd_sc_hd__dfxtp_1)
                  0.04    0.18    0.18 ^ _26669_/Q (sky130_fd_sc_hd__dfxtp_1)
     2    0.00                           cpuregs[0][0] (net)
                  0.04    0.00    0.18 ^ _15937_/A (sky130_fd_sc_hd__clkbuf_1)
                  0.02    0.05    0.23 ^ _15937_/X (sky130_fd_sc_hd__clkbuf_1)
     1    0.00                           _02835_ (net)
                  0.02    0.00    0.23 ^ _26669_/D (sky130_fd_sc_hd__dfxtp_1)
                                  0.23   data arrival time

                  0.00    0.00    0.00   clock clk (rise edge)
                          0.00    0.00   clock network delay (ideal)
                          0.00    0.00   clock reconvergence pessimism
                                  0.00 ^ _26669_/CLK (sky130_fd_sc_hd__dfxtp_1)
                         -0.02   -0.02   library hold time
                                 -0.02   data required time
-----------------------------------------------------------------------------
                                 -0.02   data required time
                                 -0.23   data arrival time
-----------------------------------------------------------------------------
                                  0.25   slack (MET)


Startpoint: _27860_ (rising edge-triggered flip-flop clocked by clk)
Endpoint: _27762_ (rising edge-triggered flip-flop clocked by clk)
Path Group: clk
Path Type: max

Fanout     Cap    Slew   Delay    Time   Description
-----------------------------------------------------------------------------
                  0.00    0.00    0.00   clock clk (rise edge)
                          0.00    0.00   clock network delay (ideal)
                  0.00    0.00    0.00 ^ _27860_/CLK (sky130_fd_sc_hd__dfxtp_1)
                  0.20    0.69    0.69 ^ _27860_/Q (sky130_fd_sc_hd__dfxtp_1)
     4    0.01                           irq_mask[1] (net)
                  0.20    0.00    0.69 ^ _13107_/A (sky130_fd_sc_hd__inv_2)
                  0.08    0.14    0.83 v _13107_/Y (sky130_fd_sc_hd__inv_2)
     6    0.01                           _10509_ (net)
                  0.08    0.00    0.83 v _13112_/A1 (sky130_fd_sc_hd__a221o_1)
                  0.09    0.57    1.40 v _13112_/X (sky130_fd_sc_hd__a221o_1)
     1    0.00                           _10514_ (net)
                  0.09    0.00    1.40 v _13131_/A (sky130_fd_sc_hd__or4_4)
                  0.14    1.03    2.42 v _13131_/X (sky130_fd_sc_hd__or4_4)
     1    0.00                           _10533_ (net)
                  0.14    0.00    2.42 v _13159_/A1 (sky130_fd_sc_hd__o2111a_1)
                  0.08    0.46    2.89 v _13159_/X (sky130_fd_sc_hd__o2111a_1)
     2    0.00                           _10561_ (net)
                  0.08    0.00    2.89 v _13160_/C (sky130_fd_sc_hd__or3_1)
                  0.15    0.73    3.62 v _13160_/X (sky130_fd_sc_hd__or3_1)
     2    0.00                           _10562_ (net)
                  0.15    0.00    3.62 v _13163_/A (sky130_fd_sc_hd__or2_1)
                  0.11    0.55    4.17 v _13163_/X (sky130_fd_sc_hd__or2_1)
     2    0.00                           _10564_ (net)
                  0.11    0.00    4.17 v _13164_/C (sky130_fd_sc_hd__or3_4)
                  0.14    0.69    4.86 v _13164_/X (sky130_fd_sc_hd__or3_4)
     4    0.01                           _10565_ (net)
                  0.14    0.00    4.86 v _13690_/B (sky130_fd_sc_hd__or2_2)
                  0.17    0.72    5.58 v _13690_/X (sky130_fd_sc_hd__or2_2)
     5    0.01                           _10910_ (net)
                  0.17    0.00    5.58 v _13691_/C (sky130_fd_sc_hd__or3_1)
                  0.17    0.79    6.37 v _13691_/X (sky130_fd_sc_hd__or3_1)
     2    0.01                           _10911_ (net)
                  0.17    0.00    6.37 v _13692_/B (sky130_fd_sc_hd__or2_2)
                  0.13    0.69    7.06 v _13692_/X (sky130_fd_sc_hd__or2_2)
     3    0.01                           _10912_ (net)
                  0.13    0.00    7.06 v _13693_/B (sky130_fd_sc_hd__or2_1)
                  0.13    0.52    7.58 v _13693_/X (sky130_fd_sc_hd__or2_1)
     2    0.01                           _10913_ (net)
                  0.13    0.00    7.58 v _13694_/B (sky130_fd_sc_hd__or2_2)
                  0.14    0.69    8.26 v _13694_/X (sky130_fd_sc_hd__or2_2)
     3    0.01                           _10914_ (net)
                  0.14    0.00    8.26 v _13695_/B (sky130_fd_sc_hd__or2_1)
                  0.13    0.52    8.78 v _13695_/X (sky130_fd_sc_hd__or2_1)
     2    0.01                           _10915_ (net)
                  0.13    0.00    8.78 v _13696_/B (sky130_fd_sc_hd__or2_1)
                  0.15    0.54    9.32 v _13696_/X (sky130_fd_sc_hd__or2_1)
     3    0.01                           _10916_ (net)
                  0.15    0.00    9.32 v _13697_/B (sky130_fd_sc_hd__or2_1)
                  0.13    0.52    9.84 v _13697_/X (sky130_fd_sc_hd__or2_1)
     2    0.01                           _10917_ (net)
                  0.13    0.00    9.84 v _13698_/B (sky130_fd_sc_hd__or2_1)
                  0.13    0.52   10.36 v _13698_/X (sky130_fd_sc_hd__or2_1)
     3    0.01                           _10918_ (net)
                  0.13    0.00   10.36 v _13699_/B (sky130_fd_sc_hd__or2_1)
                  0.13    0.51   10.88 v _13699_/X (sky130_fd_sc_hd__or2_1)
     2    0.01                           _10919_ (net)
                  0.13    0.00   10.88 v _13700_/B (sky130_fd_sc_hd__or2_2)
                  0.14    0.69   11.56 v _13700_/X (sky130_fd_sc_hd__or2_2)
     3    0.01                           _10920_ (net)
                  0.14    0.00   11.56 v _13701_/B (sky130_fd_sc_hd__or2_1)
                  0.13    0.52   12.08 v _13701_/X (sky130_fd_sc_hd__or2_1)
     2    0.01                           _10921_ (net)
                  0.13    0.00   12.08 v _13702_/B (sky130_fd_sc_hd__or2_1)
                  0.15    0.54   12.62 v _13702_/X (sky130_fd_sc_hd__or2_1)
     3    0.01                           _10922_ (net)
                  0.15    0.00   12.62 v _13703_/B (sky130_fd_sc_hd__or2_1)
                  0.13    0.52   13.14 v _13703_/X (sky130_fd_sc_hd__or2_1)
     2    0.01                           _10923_ (net)
                  0.13    0.00   13.14 v _13704_/B (sky130_fd_sc_hd__or2_2)
                  0.14    0.69   13.83 v _13704_/X (sky130_fd_sc_hd__or2_2)
     3    0.01                           _10924_ (net)
                  0.14    0.00   13.83 v _13705_/B (sky130_fd_sc_hd__or2_1)
                  0.13    0.52   14.35 v _13705_/X (sky130_fd_sc_hd__or2_1)
     2    0.01                           _10925_ (net)
                  0.13    0.00   14.35 v _13706_/B (sky130_fd_sc_hd__or2_2)
                  0.14    0.69   15.03 v _13706_/X (sky130_fd_sc_hd__or2_2)
     3    0.01                           _10926_ (net)
                  0.14    0.00   15.03 v _13707_/B (sky130_fd_sc_hd__or2_1)
                  0.13    0.52   15.55 v _13707_/X (sky130_fd_sc_hd__or2_1)
     2    0.01                           _10927_ (net)
                  0.13    0.00   15.55 v _13708_/B (sky130_fd_sc_hd__or2_2)
                  0.14    0.69   16.24 v _13708_/X (sky130_fd_sc_hd__or2_2)
     3    0.01                           _10928_ (net)
                  0.14    0.00   16.24 v _13709_/B (sky130_fd_sc_hd__or2_1)
                  0.13    0.52   16.76 v _13709_/X (sky130_fd_sc_hd__or2_1)
     2    0.01                           _10929_ (net)
                  0.13    0.00   16.76 v _13710_/B (sky130_fd_sc_hd__or2_2)
                  0.14    0.69   17.44 v _13710_/X (sky130_fd_sc_hd__or2_2)
     3    0.01                           _10930_ (net)
                  0.14    0.00   17.44 v _13711_/B (sky130_fd_sc_hd__or2_1)
                  0.13    0.52   17.96 v _13711_/X (sky130_fd_sc_hd__or2_1)
     2    0.01                           _10931_ (net)
                  0.13    0.00   17.96 v _13712_/B (sky130_fd_sc_hd__or2_1)
                  0.15    0.54   18.50 v _13712_/X (sky130_fd_sc_hd__or2_1)
     3    0.01                           _10932_ (net)
                  0.15    0.00   18.50 v _13713_/B (sky130_fd_sc_hd__or2_1)
                  0.13    0.52   19.02 v _13713_/X (sky130_fd_sc_hd__or2_1)
     2    0.01                           _10933_ (net)
                  0.13    0.00   19.02 v _13714_/B (sky130_fd_sc_hd__or2_1)
                  0.13    0.52   19.54 v _13714_/X (sky130_fd_sc_hd__or2_1)
     3    0.01                           _10934_ (net)
                  0.13    0.00   19.54 v _13715_/B (sky130_fd_sc_hd__or2_1)
                  0.13    0.51   20.06 v _13715_/X (sky130_fd_sc_hd__or2_1)
     2    0.01                           _10935_ (net)
                  0.13    0.00   20.06 v _13716_/B (sky130_fd_sc_hd__or2_2)
                  0.14    0.69   20.74 v _13716_/X (sky130_fd_sc_hd__or2_2)
     3    0.01                           _10936_ (net)
                  0.14    0.00   20.74 v _13717_/B (sky130_fd_sc_hd__or2_1)
                  0.13    0.52   21.26 v _13717_/X (sky130_fd_sc_hd__or2_1)
     2    0.01                           _10937_ (net)
                  0.13    0.00   21.26 v _13718_/B (sky130_fd_sc_hd__or2_1)
                  0.15    0.54   21.80 v _13718_/X (sky130_fd_sc_hd__or2_1)
     3    0.01                           _10938_ (net)
                  0.15    0.00   21.80 v _13719_/B (sky130_fd_sc_hd__or2_1)
                  0.13    0.52   22.32 v _13719_/X (sky130_fd_sc_hd__or2_1)
     2    0.01                           _10939_ (net)
                  0.13    0.00   22.32 v _13720_/B (sky130_fd_sc_hd__or2_1)
                  0.13    0.52   22.84 v _13720_/X (sky130_fd_sc_hd__or2_1)
     3    0.01                           _10940_ (net)
                  0.13    0.00   22.84 v _13721_/B (sky130_fd_sc_hd__or2_1)
                  0.13    0.51   23.35 v _13721_/X (sky130_fd_sc_hd__or2_1)
     2    0.01                           _10941_ (net)
                  0.13    0.00   23.35 v _13722_/B (sky130_fd_sc_hd__or2_2)
                  0.14    0.69   24.04 v _13722_/X (sky130_fd_sc_hd__or2_2)
     3    0.01                           _10942_ (net)
                  0.14    0.00   24.04 v _13723_/B (sky130_fd_sc_hd__or2_1)
                  0.13    0.52   24.56 v _13723_/X (sky130_fd_sc_hd__or2_1)
     2    0.01                           _10943_ (net)
                  0.13    0.00   24.56 v _13724_/B (sky130_fd_sc_hd__or2_2)
                  0.14    0.69   25.24 v _13724_/X (sky130_fd_sc_hd__or2_2)
     3    0.01                           _10944_ (net)
                  0.14    0.00   25.24 v _13725_/B (sky130_fd_sc_hd__or2_1)
                  0.13    0.52   25.76 v _13725_/X (sky130_fd_sc_hd__or2_1)
     2    0.01                           _10945_ (net)
                  0.13    0.00   25.76 v _13726_/B (sky130_fd_sc_hd__or2_2)
                  0.14    0.69   26.45 v _13726_/X (sky130_fd_sc_hd__or2_2)
     3    0.01                           _10946_ (net)
                  0.14    0.00   26.45 v _13727_/B (sky130_fd_sc_hd__or2_1)
                  0.13    0.52   26.97 v _13727_/X (sky130_fd_sc_hd__or2_1)
     2    0.01                           _10947_ (net)
                  0.13    0.00   26.97 v _13728_/B (sky130_fd_sc_hd__or2_2)
                  0.14    0.69   27.66 v _13728_/X (sky130_fd_sc_hd__or2_2)
     3    0.01                           _10948_ (net)
                  0.14    0.00   27.66 v _13729_/B (sky130_fd_sc_hd__or2_1)
                  0.13    0.52   28.18 v _13729_/X (sky130_fd_sc_hd__or2_1)
     2    0.01                           _10949_ (net)
                  0.13    0.00   28.18 v _13730_/B (sky130_fd_sc_hd__or2_1)
                  0.13    0.52   28.69 v _13730_/X (sky130_fd_sc_hd__or2_1)
     3    0.01                           _10950_ (net)
                  0.13    0.00   28.69 v _13731_/B (sky130_fd_sc_hd__or2_1)
                  0.13    0.51   29.21 v _13731_/X (sky130_fd_sc_hd__or2_1)
     2    0.01                           _10951_ (net)
                  0.13    0.00   29.21 v _13732_/B (sky130_fd_sc_hd__or2_2)
                  0.14    0.69   29.89 v _13732_/X (sky130_fd_sc_hd__or2_2)
     3    0.01                           _10952_ (net)
                  0.14    0.00   29.89 v _13733_/B (sky130_fd_sc_hd__or2_1)
                  0.13    0.52   30.41 v _13733_/X (sky130_fd_sc_hd__or2_1)
     2    0.01                           _10953_ (net)
                  0.13    0.00   30.41 v _13734_/B (sky130_fd_sc_hd__or2_1)
                  0.15    0.54   30.95 v _13734_/X (sky130_fd_sc_hd__or2_1)
     3    0.01                           _10954_ (net)
                  0.15    0.00   30.95 v _13735_/B (sky130_fd_sc_hd__or2_1)
                  0.13    0.52   31.47 v _13735_/X (sky130_fd_sc_hd__or2_1)
     2    0.01                           _10955_ (net)
                  0.13    0.00   31.47 v _13736_/B (sky130_fd_sc_hd__or2_1)
                  0.13    0.52   31.99 v _13736_/X (sky130_fd_sc_hd__or2_1)
     3    0.01                           _10956_ (net)
                  0.13    0.00   31.99 v _13737_/B (sky130_fd_sc_hd__or2_1)
                  0.13    0.52   32.51 v _13737_/X (sky130_fd_sc_hd__or2_1)
     2    0.01                           _10957_ (net)
                  0.13    0.00   32.51 v _13738_/B (sky130_fd_sc_hd__or2_1)
                  0.13    0.52   33.02 v _13738_/X (sky130_fd_sc_hd__or2_1)
     3    0.01                           _10958_ (net)
                  0.13    0.00   33.02 v _13739_/B (sky130_fd_sc_hd__or2_1)
                  0.13    0.52   33.54 v _13739_/X (sky130_fd_sc_hd__or2_1)
     2    0.01                           _10959_ (net)
                  0.13    0.00   33.54 v _13740_/B (sky130_fd_sc_hd__or2_1)
                  0.13    0.52   34.06 v _13740_/X (sky130_fd_sc_hd__or2_1)
     3    0.01                           _10960_ (net)
                  0.13    0.00   34.06 v _13741_/B (sky130_fd_sc_hd__or2_1)
                  0.13    0.51   34.57 v _13741_/X (sky130_fd_sc_hd__or2_1)
     2    0.01                           _10961_ (net)
                  0.13    0.00   34.57 v _13742_/B (sky130_fd_sc_hd__or2_2)
                  0.14    0.69   35.26 v _13742_/X (sky130_fd_sc_hd__or2_2)
     3    0.01                           _10962_ (net)
                  0.14    0.00   35.26 v _13743_/B (sky130_fd_sc_hd__or2_1)
                  0.13    0.52   35.78 v _13743_/X (sky130_fd_sc_hd__or2_1)
     2    0.01                           _10963_ (net)
                  0.13    0.00   35.78 v _13744_/B (sky130_fd_sc_hd__or2_2)
                  0.14    0.69   36.46 v _13744_/X (sky130_fd_sc_hd__or2_2)
     3    0.01                           _10964_ (net)
                  0.14    0.00   36.46 v _13745_/B (sky130_fd_sc_hd__or2_1)
                  0.13    0.52   36.98 v _13745_/X (sky130_fd_sc_hd__or2_1)
     2    0.01                           _10965_ (net)
                  0.13    0.00   36.98 v _13746_/B (sky130_fd_sc_hd__or2_2)
                  0.14    0.69   37.67 v _13746_/X (sky130_fd_sc_hd__or2_2)
     3    0.01                           _10966_ (net)
                  0.14    0.00   37.67 v _13747_/B (sky130_fd_sc_hd__or2_1)
                  0.13    0.52   38.19 v _13747_/X (sky130_fd_sc_hd__or2_1)
     2    0.01                           _10967_ (net)
                  0.13    0.00   38.19 v _13748_/B (sky130_fd_sc_hd__or2_2)
                  0.14    0.69   38.87 v _13748_/X (sky130_fd_sc_hd__or2_2)
     3    0.01                           _10968_ (net)
                  0.14    0.00   38.87 v _13749_/B (sky130_fd_sc_hd__or2_1)
                  0.13    0.52   39.39 v _13749_/X (sky130_fd_sc_hd__or2_1)
     2    0.01                           _10969_ (net)
                  0.13    0.00   39.39 v _13750_/B (sky130_fd_sc_hd__or2_2)
                  0.14    0.69   40.08 v _13750_/X (sky130_fd_sc_hd__or2_2)
     3    0.01                           _10970_ (net)
                  0.14    0.00   40.08 v _13751_/B (sky130_fd_sc_hd__or2_1)
                  0.13    0.53   40.61 v _13751_/X (sky130_fd_sc_hd__or2_1)
     2    0.01                           _10971_ (net)
                  0.13    0.00   40.61 v _13754_/B2 (sky130_fd_sc_hd__o221a_1)
                  0.08    0.40   41.01 v _13754_/X (sky130_fd_sc_hd__o221a_1)
     1    0.00                           _03928_ (net)
                  0.08    0.00   41.01 v _27762_/D (sky130_fd_sc_hd__dfxtp_1)
                                 41.01   data arrival time

                  0.00   24.73   24.73   clock clk (rise edge)
                          0.00   24.73   clock network delay (ideal)
                          0.00   24.73   clock reconvergence pessimism
                                 24.73 ^ _27762_/CLK (sky130_fd_sc_hd__dfxtp_1)
                         -0.29   24.44   library setup time
                                 24.44   data required time
-----------------------------------------------------------------------------
                                 24.44   data required time
                                -41.01   data arrival time
-----------------------------------------------------------------------------
                                -16.57   slack (VIOLATED)


