Sun Mar 17 12:06:21 UTC 2024 - Executing "python3 /openLANE_flow/scripts/extract_metal_layers.py -t /home/vsduser/Desktop/work/tools/openlane_working_dir/pdks/sky130A/libs.ref/sky130_fd_sc_hd/techlef/sky130_fd_sc_hd.tlef -o /openLANE_flow/designs/picorv32a/runs/17-03_12-06/tmp/met_layers_list.txt"

Sun Mar 17 12:06:22 UTC 2024 - Executing "/openLANE_flow/scripts/mergeLef.py -i /home/vsduser/Desktop/work/tools/openlane_working_dir/pdks/sky130A/libs.ref/sky130_fd_sc_hd/techlef/sky130_fd_sc_hd.tlef {/home/vsduser/Desktop/work/tools/openlane_working_dir/pdks/sky130A/libs.ref/sky130_fd_sc_hd/lef/sky130_fd_sc_hd.lef /home/vsduser/Desktop/work/tools/openlane_working_dir/pdks/sky130A/libs.ref/sky130_fd_sc_hd/lef/sky130_ef_sc_hd__fill_12.lef /home/vsduser/Desktop/work/tools/openlane_working_dir/pdks/sky130A/libs.ref/sky130_fd_sc_hd/lef/sky130_ef_sc_hd__decap_12.lef /home/vsduser/Desktop/work/tools/openlane_working_dir/pdks/sky130A/libs.ref/sky130_fd_sc_hd/lef/sky130_ef_sc_hd__fakediode_2.lef} -o /openLANE_flow/designs/picorv32a/runs/17-03_12-06/tmp/merged_unpadded.lef |& tee >&@stdout"

Sun Mar 17 12:06:22 UTC 2024 - Executing "/openLANE_flow/scripts/libtrim.pl /home/vsduser/Desktop/work/tools/openlane_working_dir/pdks/sky130A/libs.ref/sky130_fd_sc_hd/lib/sky130_fd_sc_hd__tt_025C_1v80.lib /openLANE_flow/designs/picorv32a/runs/17-03_12-06/tmp/trimmed.lib.exclude.list > /openLANE_flow/designs/picorv32a/runs/17-03_12-06/tmp/trimmed.lib"

Sun Mar 17 12:06:22 UTC 2024 - Executing "echo {openlane v0.21} > /openLANE_flow/designs/picorv32a/runs/17-03_12-06/OPENLANE_VERSION"

Sun Mar 17 12:06:57 UTC 2024 - Executing "sed -E {s/^([[:space:]]+)pg_pin(.*)/\1pin\2\n\1    direction : "inout";/g} /home/vsduser/Desktop/work/tools/openlane_working_dir/pdks/sky130A/libs.ref/sky130_fd_sc_hd/lib/sky130_fd_sc_hd__tt_025C_1v80.lib > /openLANE_flow/designs/picorv32a/runs/17-03_12-06/tmp/sky130_fd_sc_hd__tt_025C_1v80.no_pg.lib"

Sun Mar 17 12:06:57 UTC 2024 - Executing "yosys -c /openLANE_flow/scripts/synth.tcl -l /openLANE_flow/designs/picorv32a/runs/17-03_12-06/logs/synthesis/1-yosys.log |& tee >&@stdout"

Sun Mar 17 12:07:34 UTC 2024 - Executing "sed -i -e {s/\(set ::env(CURRENT_NETLIST)\).*/\1 \/openLANE_flow\/designs\/picorv32a\/runs\/17-03_12-06\/results\/synthesis\/picorv32a.synthesis.v/} /openLANE_flow/designs/picorv32a/runs/17-03_12-06/config.tcl"

Sun Mar 17 12:07:34 UTC 2024 - Executing "sed -i -e {s/\(set ::env(PREV_NETLIST)\).*/\1 0/} /openLANE_flow/designs/picorv32a/runs/17-03_12-06/config.tcl"

Sun Mar 17 12:07:34 UTC 2024 - Executing "sed -i /defparam/d /openLANE_flow/designs/picorv32a/runs/17-03_12-06/results/synthesis/picorv32a.synthesis.v"

Sun Mar 17 12:07:34 UTC 2024 - Executing "sta /openLANE_flow/scripts/sta.tcl |& tee >&@stdout /openLANE_flow/designs/picorv32a/runs/17-03_12-06/logs/synthesis/2-opensta"

Sun Mar 17 12:17:43 UTC 2024 - Executing "openroad -exit /openLANE_flow/scripts/openroad/or_floorplan.tcl |& tee >&@stdout /openLANE_flow/designs/picorv32a/runs/17-03_12-06/logs/floorplan/3-verilog2def.openroad.log"

Sun Mar 17 12:17:45 UTC 2024 - Executing "openroad -exit /openLANE_flow/scripts/openroad/or_ioplacer.tcl |& tee >&@stdout /openLANE_flow/designs/picorv32a/runs/17-03_12-06/logs/floorplan/4-ioPlacer.log"

Sun Mar 17 12:17:47 UTC 2024 - Executing "openroad -exit /openLANE_flow/scripts/openroad/or_tapcell.tcl |& tee >&@stdout /openLANE_flow/designs/picorv32a/runs/17-03_12-06/logs/floorplan/5-tapcell.log"

Sun Mar 17 12:17:48 UTC 2024 - Executing "bash /openLANE_flow/scripts/klayout/scrotLayout.sh /home/vsduser/Desktop/work/tools/openlane_working_dir/pdks/sky130A/libs.tech/klayout/sky130A.lyt /openLANE_flow/designs/picorv32a/runs/17-03_12-06/results/floorplan/picorv32a.floorplan.def |& tee >&@stdout /openLANE_flow/designs/picorv32a/runs/17-03_12-06/logs/klayout/6-klayout.scrot.log"

Sun Mar 17 12:17:59 UTC 2024 - Executing "openroad -exit /openLANE_flow/scripts/openroad/or_pdn.tcl |& tee >&@stdout /openLANE_flow/designs/picorv32a/runs/17-03_12-06/logs/floorplan/7-pdn.log"

Sun Mar 17 17:14:19 UTC 2024 - Executing "openroad -exit /openLANE_flow/scripts/openroad/or_replace.tcl |& tee >&@stdout /openLANE_flow/designs/picorv32a/runs/17-03_12-06/logs/placement/8-replace.log"

Sun Mar 17 17:14:36 UTC 2024 - Executing "openroad -exit /openLANE_flow/scripts/openroad/or_resizer.tcl |& tee >&@stdout /openLANE_flow/designs/picorv32a/runs/17-03_12-06/logs/placement/8-resizer.log"

Sun Mar 17 17:14:43 UTC 2024 - Executing "openroad -exit /openLANE_flow/scripts/openroad/or_write_verilog.tcl |& tee >&@stdout /openLANE_flow/designs/picorv32a/runs/17-03_12-06/logs/9-write_verilog.log"

Sun Mar 17 17:14:45 UTC 2024 - Executing "sed -i -e {s/\(set ::env(CURRENT_NETLIST)\).*/\1 \/openLANE_flow\/designs\/picorv32a\/runs\/17-03_12-06\/results\/synthesis\/picorv32a.synthesis_optimized.v/} /openLANE_flow/designs/picorv32a/runs/17-03_12-06/config.tcl"

Sun Mar 17 17:14:45 UTC 2024 - Executing "sed -i -e {s/\(set ::env(PREV_NETLIST)\).*/\1 \/openLANE_flow\/designs\/picorv32a\/runs\/17-03_12-06\/results\/synthesis\/picorv32a.synthesis.v/} /openLANE_flow/designs/picorv32a/runs/17-03_12-06/config.tcl"

Sun Mar 17 17:14:45 UTC 2024 - Executing "sta /openLANE_flow/scripts/sta.tcl |& tee >&@stdout /openLANE_flow/designs/picorv32a/runs/17-03_12-06/logs/synthesis/10-opensta_post_resizer"

Sun Mar 17 17:14:47 UTC 2024 - Executing "openroad -exit /openLANE_flow/scripts/openroad/or_opendp.tcl |& tee >&@stdout /openLANE_flow/designs/picorv32a/runs/17-03_12-06/logs/placement/11-opendp.log"

Sun Mar 17 17:14:49 UTC 2024 - Executing "bash /openLANE_flow/scripts/klayout/scrotLayout.sh /home/vsduser/Desktop/work/tools/openlane_working_dir/pdks/sky130A/libs.tech/klayout/sky130A.lyt /openLANE_flow/designs/picorv32a/runs/17-03_12-06/results/placement/picorv32a.placement.def |& tee >&@stdout /openLANE_flow/designs/picorv32a/runs/17-03_12-06/logs/klayout/12-klayout.scrot.log"

