OpenROAD 0.9.0 1415572a73
This program is licensed under the BSD-3 license. See the LICENSE file for details.
Components of this program may be licensed under more restrictive licenses which must be honored.
Notice 0: Reading LEF file:  /openLANE_flow/designs/spm/runs/29-06_07-34/tmp/merged_unpadded.lef
Notice 0:     Created 13 technology layers
Notice 0:     Created 25 technology vias
Notice 0:     Created 440 library cells
Notice 0: Finished LEF file:  /openLANE_flow/designs/spm/runs/29-06_07-34/tmp/merged_unpadded.lef
Notice 0: 
Reading DEF file: /openLANE_flow/designs/spm/runs/29-06_07-34/tmp/floorplan/4-ioPlacer.def
Notice 0: Design: spm
Notice 0:     Created 36 pins.
Notice 0:     Created 277 components and 2105 component-terminals.
Notice 0:     Created 312 nets and 997 connections.
Notice 0: Finished DEF file: /openLANE_flow/designs/spm/runs/29-06_07-34/tmp/floorplan/4-ioPlacer.def
Step 1: Cut rows...
[INFO TAP-0001] Macro blocks found: 0
[INFO TAP-0002] #Original rows: 30
[INFO TAP-0003] #Cut rows: 0
Step 2: Insert endcaps...
[INFO TAP-0004] #Endcaps inserted: 60
Step 3: Insert tapcells...
[WARNING TAP-0010] Tapcell at position (85560, 10880) will cause overlap with endcap. Skipping...
[WARNING TAP-0010] Tapcell at position (85560, 89760) will cause overlap with endcap. Skipping...
[INFO TAP-0005] #Tapcells inserted: 94
