
Magic 8.3 revision 179 - Compiled on Tue Jun 15 07:12:53 UTC 2021.
Starting magic under Tcl interpreter
Using the terminal as the console.
Using NULL graphics device.
Processing system .magicrc file
Sourcing design .magicrc for technology sky130A ...
2 Magic internal units = 1 Lambda
Input style sky130(): scaleFactor=2, multiplier=2
Scaled tech values by 2 / 1 to match internal grid scaling
Loading sky130A Device Generator Menu ...
Loading "/openLANE_flow/scripts/magic/drc.tcl" from command line.
Warning: Calma reading is not undoable!  I hope that's OK.
Library written using GDS-II Release 3.0
Library name: spm
Reading "sky130_fd_sc_hd__decap_4".
Reading "sky130_fd_sc_hd__decap_3".
Reading "sky130_fd_sc_hd__fill_1".
Reading "sky130_fd_sc_hd__clkbuf_2".
Reading "sky130_fd_sc_hd__clkbuf_1".
Reading "sky130_fd_sc_hd__decap_8".
Reading "sky130_fd_sc_hd__and2_1".
Reading "sky130_fd_sc_hd__dfrtp_1".
Reading "sky130_fd_sc_hd__o2bb2a_1".
Reading "sky130_fd_sc_hd__a22o_1".
Reading "sky130_fd_sc_hd__tapvpwrvgnd_1".
Reading "sky130_fd_sc_hd__decap_6".
Reading "sky130_fd_sc_hd__fill_2".
Reading "sky130_fd_sc_hd__buf_1".
Reading "sky130_fd_sc_hd__decap_12".
Reading "sky130_fd_sc_hd__dlymetal6s2s_1".
Reading "sky130_fd_sc_hd__clkbuf_16".
Reading "sky130_fd_sc_hd__a31oi_1".
Reading "sky130_fd_sc_hd__inv_2".
Reading "sky130_fd_sc_hd__a21oi_2".
Reading "spm".
    100 uses
    200 uses
    300 uses
    400 uses
    500 uses
    600 uses
    700 uses
    800 uses
    900 uses
    1000 uses
[INFO]: Loading spm

DRC style is now "drc(full)"
Loading DRC CIF style.
No errors found.
[INFO]: COUNT: 0
[INFO]: Should be divided by 3 or 4
[INFO]: DRC Checking DONE (/openLANE_flow/designs/spm/runs/19-05_19-02/reports/magic/39-magic.drc)
[INFO]: Saving mag view with DRC errors(/openLANE_flow/designs/spm/runs/19-05_19-02/results/magic/spm.drc.mag)
[INFO]: Saved
