OpenROAD 0.9.0 1415572a73
This program is licensed under the BSD-3 license. See the LICENSE file for details.
Components of this program may be licensed under more restrictive licenses which must be honored.
Notice 0: Reading LEF file:  /openLANE_flow/designs/picorv32a/runs/17-03_12-06/tmp/merged_unpadded.lef
Notice 0:     Created 13 technology layers
Notice 0:     Created 25 technology vias
Notice 0:     Created 440 library cells
Notice 0: Finished LEF file:  /openLANE_flow/designs/picorv32a/runs/17-03_12-06/tmp/merged_unpadded.lef
Notice 0: 
Reading DEF file: /openLANE_flow/designs/picorv32a/runs/17-03_12-06/tmp/placement/8-resizer.def
Notice 0: Design: picorv32a
Notice 0:     Created 411 pins.
Notice 0:     Created 21699 components and 132071 component-terminals.
Notice 0:     Created 2 special nets and 0 connections.
Notice 0:     Created 15447 nets and 56989 connections.
Notice 0: Finished DEF file: /openLANE_flow/designs/picorv32a/runs/17-03_12-06/tmp/placement/8-resizer.def
Design Stats
--------------------------------
total instances         21699
multi row instances         0
fixed instances          6354
nets                    15449
design area          420473.3 u^2
fixed area             9141.3 u^2
movable area         147800.5 u^2
utilization                36 %
utilization padded         55 %
rows                      238
row height                2.7 u

Placement Analysis
--------------------------------
total displacement        0.0 u
average displacement      0.0 u
max displacement          0.0 u
original HPWL        766080.0 u
legalized HPWL       779196.5 u
delta HPWL                  2 %

[INFO DPL-0020] Mirrored 6193 instances
[INFO DPL-0021] HPWL before          779196.5 u
[INFO DPL-0022] HPWL after           766080.0 u
[INFO DPL-0023] HPWL delta               -1.7 %
