Startpoint: rst (input port clocked by clk)
Endpoint: _455_ (removal check against rising-edge clock clk)
Path Group: **async_default**
Path Type: min

Fanout     Cap    Slew   Delay    Time   Description
-----------------------------------------------------------------------------
                  0.00    0.00    0.00   clock clk (rise edge)
                          0.00    0.00   clock network delay (ideal)
                          2.00    2.00 v input external delay
                  0.00    0.00    2.00 v rst (in)
     1    0.00                           rst (net)
                  0.00    0.00    2.00 v _242_/A (sky130_fd_sc_hd__inv_2)
                  0.04    0.03    2.03 ^ _242_/Y (sky130_fd_sc_hd__inv_2)
     4    0.01                           _157_ (net)
                  0.04    0.00    2.03 ^ _243_/A (sky130_fd_sc_hd__buf_1)
                  0.11    0.10    2.14 ^ _243_/X (sky130_fd_sc_hd__buf_1)
     5    0.01                           _158_ (net)
                  0.11    0.00    2.14 ^ _319_/A (sky130_fd_sc_hd__buf_1)
                  0.04    0.06    2.20 ^ _319_/X (sky130_fd_sc_hd__buf_1)
     1    0.00                           _093_ (net)
                  0.04    0.00    2.20 ^ _455_/RESET_B (sky130_fd_sc_hd__dfrtp_2)
                                  2.20   data arrival time

                  0.00    0.00    0.00   clock clk (rise edge)
                          0.00    0.00   clock network delay (ideal)
                          0.00    0.00   clock reconvergence pessimism
                                  0.00 ^ _455_/CLK (sky130_fd_sc_hd__dfrtp_2)
                          0.20    0.20   library removal time
                                  0.20   data required time
-----------------------------------------------------------------------------
                                  0.20   data required time
                                 -2.20   data arrival time
-----------------------------------------------------------------------------
                                  2.00   slack (MET)


Startpoint: _457_ (rising edge-triggered flip-flop clocked by clk)
Endpoint: _457_ (rising edge-triggered flip-flop clocked by clk)
Path Group: clk
Path Type: min

Fanout     Cap    Slew   Delay    Time   Description
-----------------------------------------------------------------------------
                  0.00    0.00    0.00   clock clk (rise edge)
                          0.00    0.00   clock network delay (ideal)
                  0.00    0.00    0.00 ^ _457_/CLK (sky130_fd_sc_hd__dfrtp_2)
                  0.05    0.22    0.22 ^ _457_/Q (sky130_fd_sc_hd__dfrtp_2)
     2    0.01                           tcmp.z (net)
                  0.05    0.00    0.22 ^ _325_/B1 (sky130_fd_sc_hd__a21oi_2)
                  0.02    0.03    0.25 v _325_/Y (sky130_fd_sc_hd__a21oi_2)
     2    0.01                           _175_ (net)
                  0.02    0.00    0.25 v _327_/A (sky130_fd_sc_hd__inv_2)
                  0.01    0.02    0.27 ^ _327_/Y (sky130_fd_sc_hd__inv_2)
     1    0.00                           _062_ (net)
                  0.01    0.00    0.27 ^ _457_/D (sky130_fd_sc_hd__dfrtp_2)
                                  0.27   data arrival time

                  0.00    0.00    0.00   clock clk (rise edge)
                          0.00    0.00   clock network delay (ideal)
                          0.00    0.00   clock reconvergence pessimism
                                  0.00 ^ _457_/CLK (sky130_fd_sc_hd__dfrtp_2)
                         -0.02   -0.02   library hold time
                                 -0.02   data required time
-----------------------------------------------------------------------------
                                 -0.02   data required time
                                 -0.27   data arrival time
-----------------------------------------------------------------------------
                                  0.29   slack (MET)


Startpoint: rst (input port clocked by clk)
Endpoint: _513_ (recovery check against rising-edge clock clk)
Path Group: **async_default**
Path Type: max

Fanout     Cap    Slew   Delay    Time   Description
-----------------------------------------------------------------------------
                  0.00    0.00    0.00   clock clk (rise edge)
                          0.00    0.00   clock network delay (ideal)
                          2.00    2.00 v input external delay
                  0.01    0.00    2.00 v rst (in)
     1    0.00                           rst (net)
                  0.01    0.00    2.00 v _242_/A (sky130_fd_sc_hd__inv_2)
                  0.07    0.07    2.07 ^ _242_/Y (sky130_fd_sc_hd__inv_2)
     4    0.01                           _157_ (net)
                  0.07    0.00    2.07 ^ _243_/A (sky130_fd_sc_hd__buf_1)
                  0.22    0.25    2.33 ^ _243_/X (sky130_fd_sc_hd__buf_1)
     5    0.01                           _158_ (net)
                  0.22    0.00    2.33 ^ _244_/A (sky130_fd_sc_hd__buf_1)
                  0.24    0.33    2.66 ^ _244_/X (sky130_fd_sc_hd__buf_1)
     5    0.01                           _155_ (net)
                  0.24    0.00    2.66 ^ _248_/A (sky130_fd_sc_hd__buf_1)
                  0.08    0.22    2.88 ^ _248_/X (sky130_fd_sc_hd__buf_1)
     1    0.00                           _151_ (net)
                  0.08    0.00    2.88 ^ _513_/RESET_B (sky130_fd_sc_hd__dfrtp_2)
                                  2.88   data arrival time

                  0.00   10.00   10.00   clock clk (rise edge)
                          0.00   10.00   clock network delay (ideal)
                          0.00   10.00   clock reconvergence pessimism
                                 10.00 ^ _513_/CLK (sky130_fd_sc_hd__dfrtp_2)
                          0.41   10.41   library recovery time
                                 10.41   data required time
-----------------------------------------------------------------------------
                                 10.41   data required time
                                 -2.88   data arrival time
-----------------------------------------------------------------------------
                                  7.53   slack (MET)


Startpoint: y (input port clocked by clk)
Endpoint: _464_ (rising edge-triggered flip-flop clocked by clk)
Path Group: clk
Path Type: max

Fanout     Cap    Slew   Delay    Time   Description
-----------------------------------------------------------------------------
                  0.00    0.00    0.00   clock clk (rise edge)
                          0.00    0.00   clock network delay (ideal)
                          2.00    2.00 v input external delay
                  0.02    0.01    2.01 v y (in)
     5    0.01                           y (net)
                  0.02    0.00    2.01 v _336_/A (sky130_fd_sc_hd__buf_1)
                  0.11    0.18    2.19 v _336_/X (sky130_fd_sc_hd__buf_1)
     5    0.01                           _180_ (net)
                  0.11    0.00    2.19 v _337_/A (sky130_fd_sc_hd__buf_1)
                  0.09    0.21    2.40 v _337_/X (sky130_fd_sc_hd__buf_1)
     5    0.01                           _181_ (net)
                  0.09    0.00    2.40 v _338_/A (sky130_fd_sc_hd__and2_2)
                  0.09    0.38    2.78 v _338_/X (sky130_fd_sc_hd__and2_2)
     3    0.01                           _182_ (net)
                  0.09    0.00    2.78 v _341_/B1 (sky130_fd_sc_hd__o2bb2a_2)
                  0.08    0.51    3.30 v _341_/X (sky130_fd_sc_hd__o2bb2a_2)
     1    0.00                           _047_ (net)
                  0.08    0.00    3.30 v _464_/D (sky130_fd_sc_hd__dfrtp_2)
                                  3.30   data arrival time

                  0.00   10.00   10.00   clock clk (rise edge)
                          0.00   10.00   clock network delay (ideal)
                          0.00   10.00   clock reconvergence pessimism
                                 10.00 ^ _464_/CLK (sky130_fd_sc_hd__dfrtp_2)
                         -0.30    9.70   library setup time
                                  9.70   data required time
-----------------------------------------------------------------------------
                                  9.70   data required time
                                 -3.30   data arrival time
-----------------------------------------------------------------------------
                                  6.41   slack (MET)


