
28. Printing statistics.

=== picorv32a ===

   Number of wires:              16859
   Number of wire bits:          17241
   Number of public wires:        1565
   Number of public wire bits:    1947
   Number of memories:               0
   Number of memory bits:            0
   Number of processes:              0
   Number of cells:              17139
     sky130_fd_sc_hd__a2111o_2       4
     sky130_fd_sc_hd__a2111oi_2      4
     sky130_fd_sc_hd__a211o_2       45
     sky130_fd_sc_hd__a211oi_2      38
     sky130_fd_sc_hd__a21bo_2       52
     sky130_fd_sc_hd__a21boi_2     109
     sky130_fd_sc_hd__a21o_2       274
     sky130_fd_sc_hd__a21oi_2      479
     sky130_fd_sc_hd__a221o_2       60
     sky130_fd_sc_hd__a221oi_2      75
     sky130_fd_sc_hd__a22o_2       241
     sky130_fd_sc_hd__a22oi_2       18
     sky130_fd_sc_hd__a2bb2oi_2    133
     sky130_fd_sc_hd__a311o_2        6
     sky130_fd_sc_hd__a311oi_2       1
     sky130_fd_sc_hd__a31o_2         7
     sky130_fd_sc_hd__a31oi_2       73
     sky130_fd_sc_hd__a32o_2         7
     sky130_fd_sc_hd__a32oi_2        6
     sky130_fd_sc_hd__a41o_2         4
     sky130_fd_sc_hd__a41oi_2       50
     sky130_fd_sc_hd__and2_2       799
     sky130_fd_sc_hd__and2b_2      110
     sky130_fd_sc_hd__and3_2        57
     sky130_fd_sc_hd__and3b_2       21
     sky130_fd_sc_hd__and4_2        98
     sky130_fd_sc_hd__and4b_2        4
     sky130_fd_sc_hd__buf_1       1669
     sky130_fd_sc_hd__buf_2         10
     sky130_fd_sc_hd__conb_1        42
     sky130_fd_sc_hd__dfxtp_2     1613
     sky130_fd_sc_hd__inv_2         75
     sky130_fd_sc_hd__mux2_1      1224
     sky130_fd_sc_hd__mux2_2       844
     sky130_fd_sc_hd__mux4_1       221
     sky130_fd_sc_hd__nand2_2      936
     sky130_fd_sc_hd__nand2b_2       5
     sky130_fd_sc_hd__nand3_2      660
     sky130_fd_sc_hd__nand3b_2     366
     sky130_fd_sc_hd__nor2_2       611
     sky130_fd_sc_hd__nor2b_2       81
     sky130_fd_sc_hd__nor3_2       208
     sky130_fd_sc_hd__nor3b_2      160
     sky130_fd_sc_hd__o2111a_2       6
     sky130_fd_sc_hd__o2111ai_2     62
     sky130_fd_sc_hd__o211a_2      138
     sky130_fd_sc_hd__o211ai_2      68
     sky130_fd_sc_hd__o21a_2       288
     sky130_fd_sc_hd__o21ai_2      432
     sky130_fd_sc_hd__o21ba_2      101
     sky130_fd_sc_hd__o21bai_2     410
     sky130_fd_sc_hd__o221a_2        7
     sky130_fd_sc_hd__o221ai_2      33
     sky130_fd_sc_hd__o22a_2        25
     sky130_fd_sc_hd__o22ai_2       15
     sky130_fd_sc_hd__o2bb2a_2       8
     sky130_fd_sc_hd__o2bb2ai_2    150
     sky130_fd_sc_hd__o311a_2       10
     sky130_fd_sc_hd__o311ai_2       2
     sky130_fd_sc_hd__o31a_2        68
     sky130_fd_sc_hd__o31ai_2       61
     sky130_fd_sc_hd__o32a_2         9
     sky130_fd_sc_hd__o32ai_2        3
     sky130_fd_sc_hd__o41ai_2       18
     sky130_fd_sc_hd__or2_2         80
     sky130_fd_sc_hd__or2b_2       264
     sky130_fd_sc_hd__or3_2          6
     sky130_fd_sc_hd__or3b_2         5
     sky130_fd_sc_hd__or4_2         68
     sky130_fd_sc_hd__or4b_2         4
     sky130_fd_sc_hd__xnor2_2      700
     sky130_fd_sc_hd__xor2_2      1164
     sky130_vsdinv                1434

   Chip area for module '\picorv32a': 181730.544000

