Tue Mar 26 08:45:08 UTC 2024 - Executing "python3 /openLANE_flow/scripts/extract_metal_layers.py -t /home/vsduser/Desktop/work/tools/openlane_working_dir/pdks/sky130A/libs.ref/sky130_fd_sc_hd/techlef/sky130_fd_sc_hd.tlef -o /openLANE_flow/designs/picorv32a/runs/26-03_08-45/tmp/met_layers_list.txt"

Tue Mar 26 08:45:08 UTC 2024 - Executing "/openLANE_flow/scripts/mergeLef.py -i /home/vsduser/Desktop/work/tools/openlane_working_dir/pdks/sky130A/libs.ref/sky130_fd_sc_hd/techlef/sky130_fd_sc_hd.tlef {/home/vsduser/Desktop/work/tools/openlane_working_dir/pdks/sky130A/libs.ref/sky130_fd_sc_hd/lef/sky130_fd_sc_hd.lef /home/vsduser/Desktop/work/tools/openlane_working_dir/pdks/sky130A/libs.ref/sky130_fd_sc_hd/lef/sky130_ef_sc_hd__fill_12.lef /home/vsduser/Desktop/work/tools/openlane_working_dir/pdks/sky130A/libs.ref/sky130_fd_sc_hd/lef/sky130_ef_sc_hd__decap_12.lef /home/vsduser/Desktop/work/tools/openlane_working_dir/pdks/sky130A/libs.ref/sky130_fd_sc_hd/lef/sky130_ef_sc_hd__fakediode_2.lef} -o /openLANE_flow/designs/picorv32a/runs/26-03_08-45/tmp/merged_unpadded.lef |& tee >&@stdout"

Tue Mar 26 08:45:09 UTC 2024 - Executing "/openLANE_flow/scripts/mergeLef.py -i /openLANE_flow/designs/picorv32a/runs/26-03_08-45/tmp/merged_unpadded.lef /openLANE_flow/designs/picorv32a/src/sky130_vsdinv.lef -o /openLANE_flow/designs/picorv32a/runs/26-03_08-45/tmp/merged_unpadded.lef |& tee >&@stdout"

Tue Mar 26 08:45:09 UTC 2024 - Executing "/openLANE_flow/scripts/libtrim.pl /openLANE_flow/designs/picorv32a/src/sky130_fd_sc_hd__typical.lib /openLANE_flow/designs/picorv32a/runs/26-03_08-45/tmp/trimmed.lib.exclude.list > /openLANE_flow/designs/picorv32a/runs/26-03_08-45/tmp/trimmed.lib"

Tue Mar 26 08:45:09 UTC 2024 - Executing "echo {openlane v0.21} > /openLANE_flow/designs/picorv32a/runs/26-03_08-45/OPENLANE_VERSION"

Tue Mar 26 08:45:43 UTC 2024 - Executing "/openLANE_flow/scripts/mergeLef.py -i /openLANE_flow/designs/picorv32a/runs/26-03_08-45/tmp/merged.lef /openLANE_flow/designs/picorv32a/src/sky130_vsdinv.lef -o /openLANE_flow/designs/picorv32a/runs/26-03_08-45/tmp/merged.lef.new"

Tue Mar 26 08:45:43 UTC 2024 - Executing "/openLANE_flow/scripts/mergeLef.py -i /openLANE_flow/designs/picorv32a/runs/26-03_08-45/tmp/merged_unpadded.lef /openLANE_flow/designs/picorv32a/src/sky130_vsdinv.lef -o /openLANE_flow/designs/picorv32a/runs/26-03_08-45/tmp/merged_unpadded.lef.new"

Tue Mar 26 08:45:43 UTC 2024 - Executing "mv /openLANE_flow/designs/picorv32a/runs/26-03_08-45/tmp/merged.lef.new /openLANE_flow/designs/picorv32a/runs/26-03_08-45/tmp/merged.lef"

Tue Mar 26 08:45:43 UTC 2024 - Executing "mv /openLANE_flow/designs/picorv32a/runs/26-03_08-45/tmp/merged_unpadded.lef.new /openLANE_flow/designs/picorv32a/runs/26-03_08-45/tmp/merged_unpadded.lef"

Tue Mar 26 08:46:10 UTC 2024 - Executing "sed -E {s/^([[:space:]]+)pg_pin(.*)/\1pin\2\n\1    direction : "inout";/g} /openLANE_flow/designs/picorv32a/src/sky130_fd_sc_hd__typical.lib > /openLANE_flow/designs/picorv32a/runs/26-03_08-45/tmp/sky130_fd_sc_hd__typical.no_pg.lib"

Tue Mar 26 08:46:10 UTC 2024 - Executing "yosys -c /openLANE_flow/scripts/synth.tcl -l /openLANE_flow/designs/picorv32a/runs/26-03_08-45/logs/synthesis/1-yosys.log |& tee >&@stdout"

Tue Mar 26 08:47:00 UTC 2024 - Executing "sed -i -e {s/\(set ::env(CURRENT_NETLIST)\).*/\1 \/openLANE_flow\/designs\/picorv32a\/runs\/26-03_08-45\/results\/synthesis\/picorv32a.synthesis.v/} /openLANE_flow/designs/picorv32a/runs/26-03_08-45/config.tcl"

Tue Mar 26 08:47:00 UTC 2024 - Executing "sed -i -e {s/\(set ::env(PREV_NETLIST)\).*/\1 0/} /openLANE_flow/designs/picorv32a/runs/26-03_08-45/config.tcl"

Tue Mar 26 08:47:00 UTC 2024 - Executing "sed -i /defparam/d /openLANE_flow/designs/picorv32a/runs/26-03_08-45/results/synthesis/picorv32a.synthesis.v"

Tue Mar 26 08:47:00 UTC 2024 - Executing "sta /openLANE_flow/scripts/sta.tcl |& tee >&@stdout /openLANE_flow/designs/picorv32a/runs/26-03_08-45/logs/synthesis/2-opensta"

Tue Mar 26 08:47:41 UTC 2024 - Executing "openroad -exit /openLANE_flow/scripts/openroad/or_floorplan.tcl |& tee >&@stdout /openLANE_flow/designs/picorv32a/runs/26-03_08-45/logs/floorplan/3-verilog2def.openroad.log"

Tue Mar 26 08:47:54 UTC 2024 - Executing "openroad -exit /openLANE_flow/scripts/openroad/or_ioplacer.tcl |& tee >&@stdout /openLANE_flow/designs/picorv32a/runs/26-03_08-45/logs/floorplan/4-ioPlacer.log"

Tue Mar 26 08:48:14 UTC 2024 - Executing "openroad -exit /openLANE_flow/scripts/openroad/or_tapcell.tcl |& tee >&@stdout /openLANE_flow/designs/picorv32a/runs/26-03_08-45/logs/floorplan/5-tapcell.log"

Tue Mar 26 08:48:32 UTC 2024 - Executing "openroad -exit /openLANE_flow/scripts/openroad/or_replace.tcl |& tee >&@stdout /openLANE_flow/designs/picorv32a/runs/26-03_08-45/logs/placement/6-replace.log"

Tue Mar 26 08:48:47 UTC 2024 - Executing "openroad -exit /openLANE_flow/scripts/openroad/or_resizer.tcl |& tee >&@stdout /openLANE_flow/designs/picorv32a/runs/26-03_08-45/logs/placement/6-resizer.log"

Tue Mar 26 08:48:57 UTC 2024 - Executing "openroad -exit /openLANE_flow/scripts/openroad/or_write_verilog.tcl |& tee >&@stdout /openLANE_flow/designs/picorv32a/runs/26-03_08-45/logs/7-write_verilog.log"

Tue Mar 26 08:48:59 UTC 2024 - Executing "sed -i -e {s/\(set ::env(CURRENT_NETLIST)\).*/\1 \/openLANE_flow\/designs\/picorv32a\/runs\/26-03_08-45\/results\/synthesis\/picorv32a.synthesis_optimized.v/} /openLANE_flow/designs/picorv32a/runs/26-03_08-45/config.tcl"

Tue Mar 26 08:48:59 UTC 2024 - Executing "sed -i -e {s/\(set ::env(PREV_NETLIST)\).*/\1 \/openLANE_flow\/designs\/picorv32a\/runs\/26-03_08-45\/results\/synthesis\/picorv32a.synthesis.v/} /openLANE_flow/designs/picorv32a/runs/26-03_08-45/config.tcl"

Tue Mar 26 08:48:59 UTC 2024 - Executing "sta /openLANE_flow/scripts/sta.tcl |& tee >&@stdout /openLANE_flow/designs/picorv32a/runs/26-03_08-45/logs/synthesis/8-opensta_post_resizer"

Tue Mar 26 08:49:00 UTC 2024 - Executing "openroad -exit /openLANE_flow/scripts/openroad/or_opendp.tcl |& tee >&@stdout /openLANE_flow/designs/picorv32a/runs/26-03_08-45/logs/placement/9-opendp.log"

Tue Mar 26 08:49:02 UTC 2024 - Executing "bash /openLANE_flow/scripts/klayout/scrotLayout.sh /home/vsduser/Desktop/work/tools/openlane_working_dir/pdks/sky130A/libs.tech/klayout/sky130A.lyt /openLANE_flow/designs/picorv32a/runs/26-03_08-45/results/placement/picorv32a.placement.def |& tee >&@stdout /openLANE_flow/designs/picorv32a/runs/26-03_08-45/logs/klayout/10-klayout.scrot.log"

Tue Mar 26 08:50:02 UTC 2024 - Executing "/openLANE_flow/scripts/libtrim.pl /openLANE_flow/designs/picorv32a/src/sky130_fd_sc_hd__typical.lib /openLANE_flow/designs/picorv32a/runs/26-03_08-45/tmp/cts.lib.exclude.list > /openLANE_flow/designs/picorv32a/runs/26-03_08-45/tmp/cts.lib"

Tue Mar 26 08:50:02 UTC 2024 - Executing "openroad -exit /openLANE_flow/scripts/openroad/or_cts.tcl |& tee >&@stdout /openLANE_flow/designs/picorv32a/runs/26-03_08-45/logs/cts/11-cts.log"

Tue Mar 26 08:51:14 UTC 2024 - Executing "openroad -exit /openLANE_flow/scripts/openroad/or_write_verilog.tcl |& tee >&@stdout /openLANE_flow/designs/picorv32a/runs/26-03_08-45/logs/12-write_verilog.log"

Tue Mar 26 08:51:15 UTC 2024 - Executing "sed -i -e {s/\(set ::env(CURRENT_NETLIST)\).*/\1 \/openLANE_flow\/designs\/picorv32a\/runs\/26-03_08-45\/results\/synthesis\/picorv32a.synthesis_cts.v/} /openLANE_flow/designs/picorv32a/runs/26-03_08-45/config.tcl"

Tue Mar 26 08:51:15 UTC 2024 - Executing "sed -i -e {s/\(set ::env(PREV_NETLIST)\).*/\1 \/openLANE_flow\/designs\/picorv32a\/runs\/26-03_08-45\/results\/synthesis\/picorv32a.synthesis_optimized.v/} /openLANE_flow/designs/picorv32a/runs/26-03_08-45/config.tcl"

Tue Mar 26 08:51:15 UTC 2024 - Executing "bash /openLANE_flow/scripts/klayout/scrotLayout.sh /home/vsduser/Desktop/work/tools/openlane_working_dir/pdks/sky130A/libs.tech/klayout/sky130A.lyt /openLANE_flow/designs/picorv32a/runs/26-03_08-45/results/cts/picorv32a.cts.def |& tee >&@stdout /openLANE_flow/designs/picorv32a/runs/26-03_08-45/logs/klayout/13-klayout.scrot.log"

Tue Mar 26 08:52:20 UTC 2024 - Executing "openroad -exit /openLANE_flow/scripts/openroad/or_pdn.tcl |& tee >&@stdout /openLANE_flow/designs/picorv32a/runs/26-03_08-45/logs/floorplan/14-pdn.log"

Tue Mar 26 09:18:17 UTC 2024 - Executing "openroad -exit /openLANE_flow/scripts/openroad/or_groute.tcl |& tee >&@stdout /openLANE_flow/designs/picorv32a/runs/26-03_08-45/logs/routing/15-fastroute.log"

Tue Mar 26 09:18:34 UTC 2024 - Executing "openroad -exit /openLANE_flow/scripts/openroad/or_fill.tcl |& tee >&@stdout /openLANE_flow/designs/picorv32a/runs/26-03_08-45/logs/routing/16-addspacers.log"

Tue Mar 26 09:18:35 UTC 2024 - Executing "openroad -exit /openLANE_flow/scripts/openroad/or_write_verilog.tcl |& tee >&@stdout /openLANE_flow/designs/picorv32a/runs/26-03_08-45/logs/17-write_verilog.log"

Tue Mar 26 09:18:37 UTC 2024 - Executing "sed -i -e {s/\(set ::env(CURRENT_NETLIST)\).*/\1 \/openLANE_flow\/designs\/picorv32a\/runs\/26-03_08-45\/results\/synthesis\/picorv32a.synthesis_preroute.v/} /openLANE_flow/designs/picorv32a/runs/26-03_08-45/config.tcl"

Tue Mar 26 09:18:37 UTC 2024 - Executing "sed -i -e {s/\(set ::env(PREV_NETLIST)\).*/\1 \/openLANE_flow\/designs\/picorv32a\/runs\/26-03_08-45\/results\/synthesis\/picorv32a.synthesis_cts.v/} /openLANE_flow/designs/picorv32a/runs/26-03_08-45/config.tcl"

Tue Mar 26 09:18:37 UTC 2024 - Executing "envsubst < /openLANE_flow/scripts/tritonRoute.param > /openLANE_flow/designs/picorv32a/runs/26-03_08-45/tmp/routing/18-tritonRoute.param"

Tue Mar 26 09:18:37 UTC 2024 - Executing "TritonRoute /openLANE_flow/designs/picorv32a/runs/26-03_08-45/tmp/routing/18-tritonRoute.param |& tee >&@stdout /openLANE_flow/designs/picorv32a/runs/26-03_08-45/logs/routing/18-tritonRoute.log"

Tue Mar 26 09:51:50 UTC 2024 - Executing "python3 /openLANE_flow/scripts/tr2klayout.py -i /openLANE_flow/designs/picorv32a/runs/26-03_08-45/reports/routing/18-tritonRoute.drc -o /openLANE_flow/designs/picorv32a/runs/26-03_08-45/reports/routing/18-tritonRoute.klayout.xml --design-name picorv32a"

Tue Mar 26 09:51:51 UTC 2024 - Executing "bash /openLANE_flow/scripts/klayout/scrotLayout.sh /home/vsduser/Desktop/work/tools/openlane_working_dir/pdks/sky130A/libs.tech/klayout/sky130A.lyt /openLANE_flow/designs/picorv32a/runs/26-03_08-45/results/routing/picorv32a.def |& tee >&@stdout /openLANE_flow/designs/picorv32a/runs/26-03_08-45/logs/klayout/19-klayout.scrot.log"

Tue Mar 26 09:52:01 UTC 2024 - Executing "python3 /openLANE_flow/scripts/spef_extractor/main.py -l /openLANE_flow/designs/picorv32a/runs/26-03_08-45/tmp/merged_unpadded.lef -d /openLANE_flow/designs/picorv32a/runs/26-03_08-45/results/routing/picorv32a.def -mw L -ec 1 |& tee >&@stdout /openLANE_flow/designs/picorv32a/runs/26-03_08-45/logs/routing/20-spef_extraction.log"

Tue Mar 26 09:52:14 UTC 2024 - Executing "sta /openLANE_flow/scripts/sta.tcl |& tee >&@stdout /openLANE_flow/designs/picorv32a/runs/26-03_08-45/logs/synthesis/21-opensta_spef"

