Fri May 19 19:02:17 UTC 2023 - Executing "python3 /openLANE_flow/scripts/extract_metal_layers.py -t /home/vsduser/Desktop/work/tools/openlane_working_dir/pdks/sky130A/libs.ref/sky130_fd_sc_hd/techlef/sky130_fd_sc_hd.tlef -o /openLANE_flow/designs/spm/runs/19-05_19-02/tmp/met_layers_list.txt"

Fri May 19 19:02:18 UTC 2023 - Executing "/openLANE_flow/scripts/mergeLef.py -i /home/vsduser/Desktop/work/tools/openlane_working_dir/pdks/sky130A/libs.ref/sky130_fd_sc_hd/techlef/sky130_fd_sc_hd.tlef {/home/vsduser/Desktop/work/tools/openlane_working_dir/pdks/sky130A/libs.ref/sky130_fd_sc_hd/lef/sky130_fd_sc_hd.lef /home/vsduser/Desktop/work/tools/openlane_working_dir/pdks/sky130A/libs.ref/sky130_fd_sc_hd/lef/sky130_ef_sc_hd__fill_12.lef /home/vsduser/Desktop/work/tools/openlane_working_dir/pdks/sky130A/libs.ref/sky130_fd_sc_hd/lef/sky130_ef_sc_hd__decap_12.lef /home/vsduser/Desktop/work/tools/openlane_working_dir/pdks/sky130A/libs.ref/sky130_fd_sc_hd/lef/sky130_ef_sc_hd__fakediode_2.lef} -o /openLANE_flow/designs/spm/runs/19-05_19-02/tmp/merged_unpadded.lef |& tee >&@stdout"

Fri May 19 19:02:18 UTC 2023 - Executing "/openLANE_flow/scripts/libtrim.pl /home/vsduser/Desktop/work/tools/openlane_working_dir/pdks/sky130A/libs.ref/sky130_fd_sc_hd/lib/sky130_fd_sc_hd__tt_025C_1v80.lib /openLANE_flow/designs/spm/runs/19-05_19-02/tmp/trimmed.lib.exclude.list > /openLANE_flow/designs/spm/runs/19-05_19-02/tmp/trimmed.lib"

Fri May 19 19:02:19 UTC 2023 - Executing "echo {openlane v0.21} > /openLANE_flow/designs/spm/runs/19-05_19-02/OPENLANE_VERSION"

Fri May 19 19:02:19 UTC 2023 - Executing "sed -E {s/^([[:space:]]+)pg_pin(.*)/\1pin\2\n\1    direction : "inout";/g} /home/vsduser/Desktop/work/tools/openlane_working_dir/pdks/sky130A/libs.ref/sky130_fd_sc_hd/lib/sky130_fd_sc_hd__tt_025C_1v80.lib > /openLANE_flow/designs/spm/runs/19-05_19-02/tmp/sky130_fd_sc_hd__tt_025C_1v80.no_pg.lib"

Fri May 19 19:02:19 UTC 2023 - Executing "yosys -c /openLANE_flow/scripts/synth.tcl -l /openLANE_flow/designs/spm/runs/19-05_19-02/logs/synthesis/1-yosys.log |& tee >&@stdout"

Fri May 19 19:02:23 UTC 2023 - Executing "sed -i -e {s/\(set ::env(CURRENT_NETLIST)\).*/\1 \/openLANE_flow\/designs\/spm\/runs\/19-05_19-02\/results\/synthesis\/spm.synthesis.v/} /openLANE_flow/designs/spm/runs/19-05_19-02/config.tcl"

Fri May 19 19:02:23 UTC 2023 - Executing "sed -i -e {s/\(set ::env(PREV_NETLIST)\).*/\1 0/} /openLANE_flow/designs/spm/runs/19-05_19-02/config.tcl"

Fri May 19 19:02:23 UTC 2023 - Executing "sed -i /defparam/d /openLANE_flow/designs/spm/runs/19-05_19-02/results/synthesis/spm.synthesis.v"

Fri May 19 19:02:23 UTC 2023 - Executing "sta /openLANE_flow/scripts/sta.tcl |& tee >&@stdout /openLANE_flow/designs/spm/runs/19-05_19-02/logs/synthesis/2-opensta"

Fri May 19 19:02:26 UTC 2023 - Executing "openroad -exit /openLANE_flow/scripts/openroad/or_floorplan.tcl |& tee >&@stdout /openLANE_flow/designs/spm/runs/19-05_19-02/logs/floorplan/3-verilog2def.openroad.log"

Fri May 19 19:02:29 UTC 2023 - Executing "openroad -exit /openLANE_flow/scripts/openroad/or_ioplacer.tcl |& tee >&@stdout /openLANE_flow/designs/spm/runs/19-05_19-02/logs/floorplan/4-ioPlacer.log"

Fri May 19 19:02:31 UTC 2023 - Executing "openroad -exit /openLANE_flow/scripts/openroad/or_tapcell.tcl |& tee >&@stdout /openLANE_flow/designs/spm/runs/19-05_19-02/logs/floorplan/5-tapcell.log"

Fri May 19 19:02:32 UTC 2023 - Executing "bash /openLANE_flow/scripts/klayout/scrotLayout.sh /home/vsduser/Desktop/work/tools/openlane_working_dir/pdks/sky130A/libs.tech/klayout/sky130A.lyt /openLANE_flow/designs/spm/runs/19-05_19-02/results/floorplan/spm.floorplan.def |& tee >&@stdout /openLANE_flow/designs/spm/runs/19-05_19-02/logs/klayout/6-klayout.scrot.log"

Fri May 19 19:02:41 UTC 2023 - Executing "openroad -exit /openLANE_flow/scripts/openroad/or_pdn.tcl |& tee >&@stdout /openLANE_flow/designs/spm/runs/19-05_19-02/logs/floorplan/7-pdn.log"

Fri May 19 19:02:44 UTC 2023 - Executing "openroad -exit /openLANE_flow/scripts/openroad/or_replace.tcl |& tee >&@stdout /openLANE_flow/designs/spm/runs/19-05_19-02/logs/placement/8-replace.log"

Fri May 19 19:02:53 UTC 2023 - Executing "openroad -exit /openLANE_flow/scripts/openroad/or_resizer.tcl |& tee >&@stdout /openLANE_flow/designs/spm/runs/19-05_19-02/logs/placement/8-resizer.log"

Fri May 19 19:03:00 UTC 2023 - Executing "openroad -exit /openLANE_flow/scripts/openroad/or_write_verilog.tcl |& tee >&@stdout /openLANE_flow/designs/spm/runs/19-05_19-02/logs/9-write_verilog.log"

Fri May 19 19:03:03 UTC 2023 - Executing "sed -i -e {s/\(set ::env(CURRENT_NETLIST)\).*/\1 \/openLANE_flow\/designs\/spm\/runs\/19-05_19-02\/results\/synthesis\/spm.synthesis_optimized.v/} /openLANE_flow/designs/spm/runs/19-05_19-02/config.tcl"

Fri May 19 19:03:03 UTC 2023 - Executing "sed -i -e {s/\(set ::env(PREV_NETLIST)\).*/\1 \/openLANE_flow\/designs\/spm\/runs\/19-05_19-02\/results\/synthesis\/spm.synthesis.v/} /openLANE_flow/designs/spm/runs/19-05_19-02/config.tcl"

Fri May 19 19:03:03 UTC 2023 - Executing "sta /openLANE_flow/scripts/sta.tcl |& tee >&@stdout /openLANE_flow/designs/spm/runs/19-05_19-02/logs/synthesis/10-opensta_post_resizer"

Fri May 19 19:03:05 UTC 2023 - Executing "openroad -exit /openLANE_flow/scripts/openroad/or_opendp.tcl |& tee >&@stdout /openLANE_flow/designs/spm/runs/19-05_19-02/logs/placement/11-opendp.log"

Fri May 19 19:03:07 UTC 2023 - Executing "bash /openLANE_flow/scripts/klayout/scrotLayout.sh /home/vsduser/Desktop/work/tools/openlane_working_dir/pdks/sky130A/libs.tech/klayout/sky130A.lyt /openLANE_flow/designs/spm/runs/19-05_19-02/results/placement/spm.placement.def |& tee >&@stdout /openLANE_flow/designs/spm/runs/19-05_19-02/logs/klayout/12-klayout.scrot.log"

Fri May 19 19:03:14 UTC 2023 - Executing "/openLANE_flow/scripts/libtrim.pl /home/vsduser/Desktop/work/tools/openlane_working_dir/pdks/sky130A/libs.ref/sky130_fd_sc_hd/lib/sky130_fd_sc_hd__tt_025C_1v80.lib /openLANE_flow/designs/spm/runs/19-05_19-02/tmp/cts.lib.exclude.list > /openLANE_flow/designs/spm/runs/19-05_19-02/tmp/cts.lib"

Fri May 19 19:03:15 UTC 2023 - Executing "openroad -exit /openLANE_flow/scripts/openroad/or_cts.tcl |& tee >&@stdout /openLANE_flow/designs/spm/runs/19-05_19-02/logs/cts/13-cts.log"

Fri May 19 19:06:23 UTC 2023 - Executing "openroad -exit /openLANE_flow/scripts/openroad/or_write_verilog.tcl |& tee >&@stdout /openLANE_flow/designs/spm/runs/19-05_19-02/logs/14-write_verilog.log"

Fri May 19 19:06:24 UTC 2023 - Executing "sed -i -e {s/\(set ::env(CURRENT_NETLIST)\).*/\1 \/openLANE_flow\/designs\/spm\/runs\/19-05_19-02\/results\/synthesis\/spm.synthesis_cts.v/} /openLANE_flow/designs/spm/runs/19-05_19-02/config.tcl"

Fri May 19 19:06:24 UTC 2023 - Executing "sed -i -e {s/\(set ::env(PREV_NETLIST)\).*/\1 \/openLANE_flow\/designs\/spm\/runs\/19-05_19-02\/results\/synthesis\/spm.synthesis_optimized.v/} /openLANE_flow/designs/spm/runs/19-05_19-02/config.tcl"

Fri May 19 19:06:24 UTC 2023 - Executing "bash /openLANE_flow/scripts/klayout/scrotLayout.sh /home/vsduser/Desktop/work/tools/openlane_working_dir/pdks/sky130A/libs.tech/klayout/sky130A.lyt /openLANE_flow/designs/spm/runs/19-05_19-02/results/cts/spm.cts.def |& tee >&@stdout /openLANE_flow/designs/spm/runs/19-05_19-02/logs/klayout/15-klayout.scrot.log"

Fri May 19 19:06:30 UTC 2023 - Executing "openroad -exit /openLANE_flow/scripts/openroad/or_resizer_timing.tcl |& tee >&@stdout /openLANE_flow/designs/spm/runs/19-05_19-02/logs/placement/15-resizer_timing.log"

Fri May 19 19:06:37 UTC 2023 - Executing "openroad -exit /openLANE_flow/scripts/openroad/or_write_verilog.tcl |& tee >&@stdout /openLANE_flow/designs/spm/runs/19-05_19-02/logs/16-write_verilog.log"

Fri May 19 19:06:39 UTC 2023 - Executing "sed -i -e {s/\(set ::env(CURRENT_NETLIST)\).*/\1 \/openLANE_flow\/designs\/spm\/runs\/19-05_19-02\/results\/synthesis\/spm.synthesis_optimized.v/} /openLANE_flow/designs/spm/runs/19-05_19-02/config.tcl"

Fri May 19 19:06:39 UTC 2023 - Executing "sed -i -e {s/\(set ::env(PREV_NETLIST)\).*/\1 \/openLANE_flow\/designs\/spm\/runs\/19-05_19-02\/results\/synthesis\/spm.synthesis_cts.v/} /openLANE_flow/designs/spm/runs/19-05_19-02/config.tcl"

Fri May 19 19:06:39 UTC 2023 - Executing "sta /openLANE_flow/scripts/sta.tcl |& tee >&@stdout /openLANE_flow/designs/spm/runs/19-05_19-02/logs/synthesis/17-opensta_post_resizer_timing"

Fri May 19 19:06:41 UTC 2023 - Executing "openroad -exit /openLANE_flow/scripts/openroad/or_groute.tcl |& tee >&@stdout /openLANE_flow/designs/spm/runs/19-05_19-02/logs/routing/18-fastroute.log"

Fri May 19 19:06:49 UTC 2023 - Executing "openroad -exit /openLANE_flow/scripts/openroad/or_fill.tcl |& tee >&@stdout /openLANE_flow/designs/spm/runs/19-05_19-02/logs/routing/19-addspacers.log"

Fri May 19 19:06:51 UTC 2023 - Executing "openroad -exit /openLANE_flow/scripts/openroad/or_write_verilog.tcl |& tee >&@stdout /openLANE_flow/designs/spm/runs/19-05_19-02/logs/20-write_verilog.log"

Fri May 19 19:06:52 UTC 2023 - Executing "sed -i -e {s/\(set ::env(CURRENT_NETLIST)\).*/\1 \/openLANE_flow\/designs\/spm\/runs\/19-05_19-02\/results\/synthesis\/spm.synthesis_preroute.v/} /openLANE_flow/designs/spm/runs/19-05_19-02/config.tcl"

Fri May 19 19:06:52 UTC 2023 - Executing "sed -i -e {s/\(set ::env(PREV_NETLIST)\).*/\1 \/openLANE_flow\/designs\/spm\/runs\/19-05_19-02\/results\/synthesis\/spm.synthesis_optimized.v/} /openLANE_flow/designs/spm/runs/19-05_19-02/config.tcl"

Fri May 19 19:06:53 UTC 2023 - Executing "envsubst < /openLANE_flow/scripts/tritonRoute.param > /openLANE_flow/designs/spm/runs/19-05_19-02/tmp/routing/21-tritonRoute.param"

Fri May 19 19:06:53 UTC 2023 - Executing "TritonRoute /openLANE_flow/designs/spm/runs/19-05_19-02/tmp/routing/21-tritonRoute.param |& tee >&@stdout /openLANE_flow/designs/spm/runs/19-05_19-02/logs/routing/21-tritonRoute.log"

Fri May 19 19:07:08 UTC 2023 - Executing "python3 /openLANE_flow/scripts/tr2klayout.py -i /openLANE_flow/designs/spm/runs/19-05_19-02/reports/routing/21-tritonRoute.drc -o /openLANE_flow/designs/spm/runs/19-05_19-02/reports/routing/21-tritonRoute.klayout.xml --design-name spm"

Fri May 19 19:07:09 UTC 2023 - Executing "bash /openLANE_flow/scripts/klayout/scrotLayout.sh /home/vsduser/Desktop/work/tools/openlane_working_dir/pdks/sky130A/libs.tech/klayout/sky130A.lyt /openLANE_flow/designs/spm/runs/19-05_19-02/results/routing/spm.def |& tee >&@stdout /openLANE_flow/designs/spm/runs/19-05_19-02/logs/klayout/22-klayout.scrot.log"

Fri May 19 19:07:16 UTC 2023 - Executing "python3 /openLANE_flow/scripts/spef_extractor/main.py -l /openLANE_flow/designs/spm/runs/19-05_19-02/tmp/merged_unpadded.lef -d /openLANE_flow/designs/spm/runs/19-05_19-02/results/routing/spm.def -mw L -ec 1 |& tee >&@stdout /openLANE_flow/designs/spm/runs/19-05_19-02/logs/routing/23-spef_extraction.log"

Fri May 19 19:07:17 UTC 2023 - Executing "sta /openLANE_flow/scripts/sta.tcl |& tee >&@stdout /openLANE_flow/designs/spm/runs/19-05_19-02/logs/synthesis/24-opensta_spef"

Fri May 19 19:07:19 UTC 2023 - Executing "python3 /openLANE_flow/scripts/write_powered_def.py -d /openLANE_flow/designs/spm/runs/19-05_19-02/results/routing/spm.def -l /openLANE_flow/designs/spm/runs/19-05_19-02/tmp/merged.lef --power-port VPWR --ground-port VGND --powered-netlist {} -o /openLANE_flow/designs/spm/runs/19-05_19-02/tmp/routing/25-spm.powered.def |& tee >&@stdout /openLANE_flow/designs/spm/runs/19-05_19-02/logs/lvs/25-write_powered_verilog.log"

Fri May 19 19:07:20 UTC 2023 - Executing "openroad -exit /openLANE_flow/scripts/openroad/or_write_verilog.tcl |& tee >&@stdout /openLANE_flow/designs/spm/runs/19-05_19-02/logs/26-write_verilog.log"

Fri May 19 19:07:22 UTC 2023 - Executing "sed -i -e {s/\(set ::env(CURRENT_NETLIST)\).*/\1 \/openLANE_flow\/designs\/spm\/runs\/19-05_19-02\/results\/lvs\/spm.lvs.powered.v/} /openLANE_flow/designs/spm/runs/19-05_19-02/config.tcl"

Fri May 19 19:07:22 UTC 2023 - Executing "sed -i -e {s/\(set ::env(PREV_NETLIST)\).*/\1 \/openLANE_flow\/designs\/spm\/runs\/19-05_19-02\/results\/synthesis\/spm.synthesis_preroute.v/} /openLANE_flow/designs/spm/runs/19-05_19-02/config.tcl"

Fri May 19 19:07:22 UTC 2023 - Executing "magic -noconsole -dnull -rcfile /home/vsduser/Desktop/work/tools/openlane_working_dir/pdks/sky130A/libs.tech/magic/sky130A.magicrc /openLANE_flow/scripts/magic/mag_gds.tcl </dev/null |& tee >&@stdout /openLANE_flow/designs/spm/runs/19-05_19-02/logs/magic/27-magic.log"

Fri May 19 19:07:23 UTC 2023 - Executing "bash /openLANE_flow/scripts/klayout/scrotLayout.sh /home/vsduser/Desktop/work/tools/openlane_working_dir/pdks/sky130A/libs.tech/klayout/sky130A.lyt /openLANE_flow/designs/spm/runs/19-05_19-02/results/magic/spm.gds |& tee >&@stdout /openLANE_flow/designs/spm/runs/19-05_19-02/logs/klayout/28-klayout.scrot.log"

Fri May 19 19:07:29 UTC 2023 - Executing "magic -noconsole -dnull -rcfile /home/vsduser/Desktop/work/tools/openlane_working_dir/pdks/sky130A/libs.tech/magic/sky130A.magicrc /openLANE_flow/scripts/magic/gds_pointers.tcl </dev/null |& tee >&@stdout /openLANE_flow/designs/spm/runs/19-05_19-02/logs/magic/29-magic.mag.gds_ptrs.log"

Fri May 19 19:07:30 UTC 2023 - Executing "sed -i -n {/^<< properties >>/,/^<< end >>/p} /openLANE_flow/designs/spm/runs/19-05_19-02/tmp/magic/magic_gds_ptrs.mag"

Fri May 19 19:07:30 UTC 2023 - Executing "magic -noconsole -dnull -rcfile /home/vsduser/Desktop/work/tools/openlane_working_dir/pdks/sky130A/libs.tech/magic/sky130A.magicrc /openLANE_flow/scripts/magic/lef.tcl </dev/null |& tee >&@stdout /openLANE_flow/designs/spm/runs/19-05_19-02/logs/magic/30-magic.lef.log"

Fri May 19 19:07:31 UTC 2023 - Executing "magic -noconsole -dnull -rcfile /home/vsduser/Desktop/work/tools/openlane_working_dir/pdks/sky130A/libs.tech/magic/sky130A.magicrc /openLANE_flow/scripts/magic/maglef.tcl </dev/null |& tee >&@stdout /openLANE_flow/designs/spm/runs/19-05_19-02/logs/magic/31-magic.maglef.log"

Fri May 19 19:07:31 UTC 2023 - Executing "bash /openLANE_flow/scripts/klayout/def2gds.sh /home/vsduser/Desktop/work/tools/openlane_working_dir/pdks/sky130A/libs.tech/klayout/sky130A.lyt /openLANE_flow/designs/spm/runs/19-05_19-02/results/routing/spm.def spm /openLANE_flow/designs/spm/runs/19-05_19-02/results/klayout/spm.gds {/home/vsduser/Desktop/work/tools/openlane_working_dir/pdks/sky130A/libs.ref/sky130_fd_sc_hd/gds/sky130_ef_sc_hd__fill_12.gds /home/vsduser/Desktop/work/tools/openlane_working_dir/pdks/sky130A/libs.ref/sky130_fd_sc_hd/gds/sky130_ef_sc_hd__fakediode_2.gds /home/vsduser/Desktop/work/tools/openlane_working_dir/pdks/sky130A/libs.ref/sky130_fd_sc_hd/gds/sky130_fd_sc_hd.gds /home/vsduser/Desktop/work/tools/openlane_working_dir/pdks/sky130A/libs.ref/sky130_fd_sc_hd/gds/sky130_ef_sc_hd__decap_12.gds } |& tee >&@stdout /openLANE_flow/designs/spm/runs/19-05_19-02/logs/klayout/32-klayout.log"

Fri May 19 19:07:38 UTC 2023 - Executing "bash /openLANE_flow/scripts/klayout/scrotLayout.sh /home/vsduser/Desktop/work/tools/openlane_working_dir/pdks/sky130A/libs.tech/klayout/sky130A.lyt /openLANE_flow/designs/spm/runs/19-05_19-02/results/klayout/spm.gds |& tee >&@stdout /openLANE_flow/designs/spm/runs/19-05_19-02/logs/klayout/33-klayout.scrot.log"

Fri May 19 19:07:44 UTC 2023 - Executing "bash /openLANE_flow/scripts/klayout/xor.sh /openLANE_flow/designs/spm/runs/19-05_19-02/results/magic/spm.gds /openLANE_flow/designs/spm/runs/19-05_19-02/results/klayout/spm.gds spm /openLANE_flow/designs/spm/runs/19-05_19-02/results/klayout/spm.xor.gds |& tee >&@stdout /openLANE_flow/designs/spm/runs/19-05_19-02/logs/klayout/34-klayout.xor.log"

Fri May 19 19:07:55 UTC 2023 - Executing "python3 /openLANE_flow/scripts/parse_klayout_xor_log.py -l /openLANE_flow/designs/spm/runs/19-05_19-02/logs/klayout/34-klayout.xor.log -o /openLANE_flow/designs/spm/runs/19-05_19-02/reports/klayout/34-klayout.xor.rpt"

Fri May 19 19:07:55 UTC 2023 - Executing "bash /openLANE_flow/scripts/klayout/scrotLayout.sh /home/vsduser/Desktop/work/tools/openlane_working_dir/pdks/sky130A/libs.tech/klayout/sky130A.lyt /openLANE_flow/designs/spm/runs/19-05_19-02/results/klayout/spm.xor.gds |& tee >&@stdout /openLANE_flow/designs/spm/runs/19-05_19-02/logs/klayout/35-klayout.scrot.log"

Fri May 19 19:08:01 UTC 2023 - Executing "bash /openLANE_flow/scripts/klayout/xor.sh /openLANE_flow/designs/spm/runs/19-05_19-02/results/magic/spm.gds /openLANE_flow/designs/spm/runs/19-05_19-02/results/klayout/spm.gds spm /openLANE_flow/designs/spm/runs/19-05_19-02/results/klayout/spm.xor.xml |& tee >&@stdout /openLANE_flow/designs/spm/runs/19-05_19-02/logs/klayout/36-klayout.xor.log"

Fri May 19 19:08:14 UTC 2023 - Executing "python3 /openLANE_flow/scripts/parse_klayout_xor_log.py -l /openLANE_flow/designs/spm/runs/19-05_19-02/logs/klayout/36-klayout.xor.log -o /openLANE_flow/designs/spm/runs/19-05_19-02/reports/klayout/36-klayout.xor.rpt"

Fri May 19 19:08:14 UTC 2023 - Executing "magic -noconsole -dnull -rcfile /home/vsduser/Desktop/work/tools/openlane_working_dir/pdks/sky130A/libs.tech/magic/sky130A.magicrc /openLANE_flow/designs/spm/runs/19-05_19-02/tmp/magic_spice.tcl </dev/null |& tee >&@stdout /openLANE_flow/designs/spm/runs/19-05_19-02/logs/magic/37-magic_spice.log"

Fri May 19 19:08:16 UTC 2023 - Executing "netgen -batch source /openLANE_flow/designs/spm/runs/19-05_19-02/tmp/lvs/setup_file.lef.lvs |& tee >&@stdout /openLANE_flow/designs/spm/runs/19-05_19-02/logs/lvs/38-lvs.lef.log"

Fri May 19 19:08:16 UTC 2023 - Executing "magic -noconsole -dnull -rcfile /home/vsduser/Desktop/work/tools/openlane_working_dir/pdks/sky130A/libs.tech/magic/sky130A.magicrc /openLANE_flow/scripts/magic/drc.tcl </dev/null |& tee >&@stdout /openLANE_flow/designs/spm/runs/19-05_19-02/logs/magic/39-magic.drc.log"

Fri May 19 19:08:19 UTC 2023 - Executing "python3 /openLANE_flow/scripts/magic_drc_to_tcl.py -i /openLANE_flow/designs/spm/runs/19-05_19-02/reports/magic/39-magic.drc -o /openLANE_flow/designs/spm/runs/19-05_19-02/reports/magic/39-magic.drc.tcl"

Fri May 19 19:08:19 UTC 2023 - Executing "python3 /openLANE_flow/scripts/magic_drc_to_tr_drc.py -i /openLANE_flow/designs/spm/runs/19-05_19-02/reports/magic/39-magic.drc -o /openLANE_flow/designs/spm/runs/19-05_19-02/reports/magic/39-magic.tr.drc"

Fri May 19 19:08:19 UTC 2023 - Executing "python3 /openLANE_flow/scripts/tr2klayout.py -i /openLANE_flow/designs/spm/runs/19-05_19-02/reports/magic/39-magic.tr.drc -o /openLANE_flow/designs/spm/runs/19-05_19-02/reports/magic/39-magic.drc.klayout.xml --design-name spm"

Fri May 19 19:08:20 UTC 2023 - Executing "python3 /openLANE_flow/scripts/magic_drc_to_rdb.py --magic_drc_in /openLANE_flow/designs/spm/runs/19-05_19-02/reports/magic/39-magic.drc --rdb_out /openLANE_flow/designs/spm/runs/19-05_19-02/reports/magic/39-magic.drc.rdb"

Fri May 19 19:08:20 UTC 2023 - Executing "openroad -exit /openLANE_flow/scripts/openroad/or_antenna_check.tcl |& tee >&@stdout /openLANE_flow/designs/spm/runs/19-05_19-02/logs/routing/40-or_antenna.log"

Fri May 19 19:08:22 UTC 2023 - Executing "mv -f /openLANE_flow/designs/spm/runs/19-05_19-02/reports/routing/antenna.rpt /openLANE_flow/designs/spm/runs/19-05_19-02/reports/routing/41-antenna.rpt"

Fri May 19 19:08:22 UTC 2023 - Executing "awk { BEGIN {  # Print power and standard_input definitions
    print "VPWR power 1.8";
    print "VGND power 0.0";
    print "#define std_input min@VGND max@VPWR";
}
$1 == "input" {  # Print input nets
    gsub(/;/, "");
    if ( $2 == "VPWR" || $2 == "VGND" ) {  # ignore power nets
        next;
    }
    if ( NF == 3 ) {  # print buses as net[range]
        $2 = $3 $2;
    }
    print $2, "input std_input";
}} /openLANE_flow/designs/spm/runs/19-05_19-02/results/lvs/spm.lvs.powered.v > /openLANE_flow/designs/spm/runs/19-05_19-02/results/cvc/spm.power"

Fri May 19 19:08:22 UTC 2023 - Executing "awk { /Black-box entry subcircuit/ {  # remove black-box defintions
    while ( $1 != ".ends" ) {
        getline;
    }
    getline;
}
/^\*/ {  # remove comments
    next;
}
/^.ENDS .*/ {  # remove name from ends lines
    print $1;
    next;
}
 {
    print $0;
}} /home/vsduser/Desktop/work/tools/openlane_working_dir/pdks/sky130A/libs.ref/sky130_fd_sc_hd/cdl/sky130_fd_sc_hd.cdl /openLANE_flow/designs/spm/runs/19-05_19-02/results/magic/spm.lef.spice > /openLANE_flow/designs/spm/runs/19-05_19-02/results/cvc/spm.cdl"

Fri May 19 19:08:22 UTC 2023 - Executing "cvc /openLANE_flow/scripts/cvc/sky130A/cvcrc.sky130A |& tee >&@stdout /openLANE_flow/designs/spm/runs/19-05_19-02/logs/cvc/42-cvc_screen.log"

Fri May 19 19:08:22 UTC 2023 - Executing "python3 /openLANE_flow/report_generation_wrapper.py -d /openLANE_flow/designs/spm -dn spm -t 19-05_19-02 -o /openLANE_flow/designs/spm/runs/19-05_19-02/reports/final_summary_report.csv -m /openLANE_flow/designs/spm/runs/19-05_19-02/reports/manufacturability_report.rpt -rs /openLANE_flow/designs/spm/runs/19-05_19-02/reports/runtime_summary_report.rpt -r /openLANE_flow/designs/spm/runs/19-05_19-02"

