[INFO]: Current run directory is /openLANE_flow/designs/picorv32a/runs/24-03_10-03
[INFO]: Preparing LEF Files
[INFO]: Extracting the number of available metal layers from /home/vsduser/Desktop/work/tools/openlane_working_dir/pdks/sky130A/libs.ref/sky130_fd_sc_hd/techlef/sky130_fd_sc_hd.tlef
[INFO]: The number of available metal layers is 6
[INFO]: The available metal layers are li1 met1 met2 met3 met4 met5
[INFO]: Merging LEF Files...
[INFO]: Merging the following extra LEFs: /openLANE_flow/designs/picorv32a/src/sky130_vsdinv.lef
[INFO]: Trimming Liberty...
[INFO]: Generating Exclude List...
[INFO]: Storing configs into config.tcl ...
[INFO]: Preparation complete
[INFO]: Merging /openLANE_flow/designs/picorv32a/src/sky130_vsdinv.lef
[INFO]: Running Synthesis...
[INFO]: current step index: 6
[INFO]: Changing netlist from /openLANE_flow/designs/picorv32a/runs/25-03_18-52/results/synthesis/picorv32a.synthesis.v to /openLANE_flow/designs/picorv32a/runs/24-03_10-03/results/synthesis/picorv32a.synthesis.v
[INFO]: Running Static Timing Analysis...
[INFO]: current step index: 7
[INFO]: Synthesis was successful
[INFO]: Running Initial Floorplanning...
[INFO]: current step index: 8
[INFO]: Core area width: 720.36
[INFO]: Core area height: 718.08
[INFO]: Changing layout from 0 to /openLANE_flow/designs/picorv32a/runs/24-03_10-03/tmp/floorplan/8-verilog2def_openroad.def
[INFO]: Running IO Placement...
[INFO]: current step index: 9
[INFO]: Changing layout from /openLANE_flow/designs/picorv32a/runs/24-03_10-03/tmp/floorplan/8-verilog2def_openroad.def to /openLANE_flow/designs/picorv32a/runs/24-03_10-03/tmp/floorplan/9-ioPlacer.def
[INFO]: Running Tap/Decap Insertion...
[INFO]: current step index: 10
[INFO]: Changing layout from /openLANE_flow/designs/picorv32a/runs/24-03_10-03/tmp/floorplan/9-ioPlacer.def to /openLANE_flow/designs/picorv32a/runs/24-03_10-03/results/floorplan/picorv32a.floorplan.def
[INFO]: Running Placement...
[INFO]: Running Global Placement...
[INFO]: current step index: 11
[INFO]: Global placement was successful
[INFO]: Changing layout from /openLANE_flow/designs/picorv32a/runs/24-03_10-03/results/floorplan/picorv32a.floorplan.def to /openLANE_flow/designs/picorv32a/runs/24-03_10-03/tmp/placement/11-replace.def
[INFO]: Skipping OpenPhySyn Timing Optimizations.
[INFO]: Running Resizer Design Optimizations...
[INFO]: Generating Exclude List...
[INFO]: Creating ::env(DONT_USE_CELLS)...
[INFO]: Changing layout from /openLANE_flow/designs/picorv32a/runs/24-03_10-03/tmp/placement/11-replace.def to /openLANE_flow/designs/picorv32a/runs/24-03_10-03/tmp/placement/11-resizer.def
[INFO]: Writing Verilog...
[INFO]: current step index: 12
[INFO]: Changing netlist from /openLANE_flow/designs/picorv32a/runs/24-03_10-03/results/synthesis/picorv32a.synthesis.v to /openLANE_flow/designs/picorv32a/runs/24-03_10-03/results/synthesis/picorv32a.synthesis_optimized.v
[INFO]: Running Static Timing Analysis...
[INFO]: current step index: 13
[INFO]: Running Detailed Placement...
[INFO]: current step index: 14
[INFO]: Changing layout from /openLANE_flow/designs/picorv32a/runs/24-03_10-03/tmp/placement/11-resizer.def to /openLANE_flow/designs/picorv32a/runs/24-03_10-03/results/placement/picorv32a.placement.def
[INFO]: Changing layout from /openLANE_flow/designs/picorv32a/runs/24-03_10-03/results/placement/picorv32a.placement.def to /openLANE_flow/designs/picorv32a/runs/24-03_10-03/results/placement/picorv32a.placement.def
[INFO]: Taking a Screenshot of the Layout Using Klayout...
[INFO]: current step index: 15
[INFO]: Screenshot taken.
[INFO]: Running TritonCTS...
[INFO]: current step index: 16
[ERROR]: during executing: "openroad -exit /openLANE_flow/scripts/openroad/or_cts.tcl |& tee >&@stdout /openLANE_flow/designs/picorv32a/runs/24-03_10-03/logs/cts/16-cts.log"
[ERROR]: Exit code: 1
[ERROR]: Last 10 lines:
child process exited abnormally

[ERROR]: Please check openroad  log file
[ERROR]: Dumping to /openLANE_flow/designs/picorv32a/runs/24-03_10-03/error.log
[INFO]: Running TritonCTS...
[INFO]: current step index: 17
[INFO]: Trimming Liberty...
[INFO]: Generating Exclude List...
[INFO]: Clock Tree Synthesis was successful
[INFO]: Changing layout from /openLANE_flow/designs/picorv32a/runs/24-03_10-03/results/placement/picorv32a.placement.def to /openLANE_flow/designs/picorv32a/runs/24-03_10-03/results/cts/picorv32a.cts.def
[INFO]: Writing Verilog...
[INFO]: current step index: 18
[INFO]: Changing netlist from /openLANE_flow/designs/picorv32a/runs/24-03_10-03/results/synthesis/picorv32a.synthesis_optimized.v to /openLANE_flow/designs/picorv32a/runs/24-03_10-03/results/synthesis/picorv32a.synthesis_cts.v
[INFO]: Taking a Screenshot of the Layout Using Klayout...
[INFO]: current step index: 19
[INFO]: Screenshot taken.
[INFO]: Running TritonCTS...
[INFO]: current step index: 20
[INFO]: Clock Tree Synthesis was successful
[INFO]: Changing layout from /openLANE_flow/designs/picorv32a/runs/24-03_10-03/results/placement/picorv32a.placement.def to /openLANE_flow/designs/picorv32a/runs/24-03_10-03/results/cts/picorv32a.cts.def
[INFO]: Writing Verilog...
[INFO]: current step index: 21
[INFO]: Changing netlist from /openLANE_flow/designs/picorv32a/runs/24-03_10-03/results/synthesis/picorv32a.synthesis_cts.v to /openLANE_flow/designs/picorv32a/runs/24-03_10-03/results/synthesis/picorv32a.synthesis_cts.v
[INFO]: Taking a Screenshot of the Layout Using Klayout...
[INFO]: current step index: 22
[INFO]: Screenshot taken.
