0-prep 0h0m2s340ms
1-yosys 0h0m3s812ms
2-opensta 0h0m3s151ms
3-verilog2def_openroad 0h0m2s478ms
4-ioPlacer 0h0m1s724ms
5-tapcell 0h0m1s666ms
6-klayout_scrot 0h0m8s377ms
7-pdn 0h0m2s742ms
8-replace 0h0m8s954ms
8-resizer 0h0m7s658ms
9-write_verilog 0h0m2s227ms
10-opensta_post_resizer 0h0m2s208ms
11-opendp 0h0m2s217ms
12-klayout_scrot 0h0m6s908ms
13-cts 0h3m8s360ms
14-write_verilog 0h0m1s596ms
15-klayout_scrot 0h0m6s198ms
15-resizer_timing 0h0m6s609ms
16-write_verilog 0h0m1s636ms
17-opensta_post_resizer_timing 0h0m1s849ms
18-fastroute 0h0m8s616ms
19-addspacers 0h0m1s624ms
20-write_verilog 0h0m1s634ms
21-tritonRoute 0h0m16s365ms
22-klayout_scrot 0h0m6s660ms
23-spef_extraction 0h0m1s685ms
24-opensta_spef 0h0m1s976ms
26-write_verilog 0h0m1s653ms
28-klayout_scrot 0h0m6s37ms
31-magic_gen 0h0m8s67ms
32-klayout 0h0m6s210ms
33-klayout_scrot 0h0m6s566ms
35-klayout_scrot 0h0m6s346ms
36-klayout_xor 0h0m19s502ms
37-magic_ext_spice 0h0m1s474ms
38-lvs 0h0m0s393ms
39-magic_drc 0h0m3s426ms
41-or_antenna 0h0m1s702ms
42-cvc 0h0m0s357ms