Startpoint: rst (input port clocked by clk)
Endpoint: _459_ (removal check against rising-edge clock clk)
Path Group: **async_default**
Path Type: min

Fanout     Cap    Slew   Delay    Time   Description
-----------------------------------------------------------------------------
                  0.00    0.00    0.00   clock clk (rise edge)
                          0.00    0.00   clock network delay (ideal)
                          2.00    2.00 v input external delay
                  0.00    0.00    2.00 v rst (in)
     1    0.00                           rst (net)
                  0.00    0.00    2.00 v input1/A (sky130_fd_sc_hd__clkbuf_1)
                  0.03    0.06    2.06 v input1/X (sky130_fd_sc_hd__clkbuf_1)
     1    0.01                           net1 (net)
                  0.03    0.00    2.06 v _242_/A (sky130_fd_sc_hd__inv_2)
                  0.05    0.05    2.10 ^ _242_/Y (sky130_fd_sc_hd__inv_2)
     4    0.01                           _157_ (net)
                  0.05    0.00    2.11 ^ _311_/A (sky130_fd_sc_hd__buf_1)
                  0.01    0.04    2.14 ^ _311_/X (sky130_fd_sc_hd__buf_1)
     5    0.00                           _171_ (net)
                  0.01    0.00    2.14 ^ _315_/A (sky130_fd_sc_hd__clkbuf_1)
                  0.04    0.05    2.20 ^ _315_/X (sky130_fd_sc_hd__clkbuf_1)
     1    0.00                           _097_ (net)
                  0.04    0.00    2.20 ^ _459_/RESET_B (sky130_fd_sc_hd__dfrtp_1)
                                  2.20   data arrival time

                  0.00    0.00    0.00   clock clk (rise edge)
                          0.00    0.00   clock network delay (ideal)
                          0.00    0.00   clock reconvergence pessimism
                                  0.00 ^ _459_/CLK (sky130_fd_sc_hd__dfrtp_1)
                          0.20    0.20   library removal time
                                  0.20   data required time
-----------------------------------------------------------------------------
                                  0.20   data required time
                                 -2.20   data arrival time
-----------------------------------------------------------------------------
                                  2.00   slack (MET)


Startpoint: _457_ (rising edge-triggered flip-flop clocked by clk)
Endpoint: _457_ (rising edge-triggered flip-flop clocked by clk)
Path Group: clk
Path Type: min

Fanout     Cap    Slew   Delay    Time   Description
-----------------------------------------------------------------------------
                  0.00    0.00    0.00   clock clk (rise edge)
                          0.00    0.00   clock network delay (ideal)
                  0.00    0.00    0.00 ^ _457_/CLK (sky130_fd_sc_hd__dfrtp_1)
                  0.03    0.19    0.19 ^ _457_/Q (sky130_fd_sc_hd__dfrtp_1)
     2    0.00                           tcmp.z (net)
                  0.03    0.00    0.19 ^ _325_/B1 (sky130_fd_sc_hd__a21oi_2)
                  0.01    0.02    0.21 v _325_/Y (sky130_fd_sc_hd__a21oi_2)
     2    0.00                           _175_ (net)
                  0.01    0.00    0.21 v _327_/A (sky130_fd_sc_hd__inv_2)
                  0.01    0.02    0.23 ^ _327_/Y (sky130_fd_sc_hd__inv_2)
     1    0.00                           _062_ (net)
                  0.01    0.00    0.23 ^ _457_/D (sky130_fd_sc_hd__dfrtp_1)
                                  0.23   data arrival time

                  0.00    0.00    0.00   clock clk (rise edge)
                          0.00    0.00   clock network delay (ideal)
                          0.00    0.00   clock reconvergence pessimism
                                  0.00 ^ _457_/CLK (sky130_fd_sc_hd__dfrtp_1)
                         -0.02   -0.02   library hold time
                                 -0.02   data required time
-----------------------------------------------------------------------------
                                 -0.02   data required time
                                 -0.23   data arrival time
-----------------------------------------------------------------------------
                                  0.25   slack (MET)


Startpoint: rst (input port clocked by clk)
Endpoint: _514_ (recovery check against rising-edge clock clk)
Path Group: **async_default**
Path Type: max

Fanout     Cap    Slew   Delay    Time   Description
-----------------------------------------------------------------------------
                  0.00    0.00    0.00   clock clk (rise edge)
                          0.00    0.00   clock network delay (ideal)
                          2.00    2.00 v input external delay
                  0.01    0.00    2.00 v rst (in)
     1    0.00                           rst (net)
                  0.01    0.00    2.00 v input1/A (sky130_fd_sc_hd__clkbuf_1)
                  0.08    0.16    2.16 v input1/X (sky130_fd_sc_hd__clkbuf_1)
     1    0.01                           net1 (net)
                  0.08    0.00    2.16 v _242_/A (sky130_fd_sc_hd__inv_2)
                  0.10    0.12    2.28 ^ _242_/Y (sky130_fd_sc_hd__inv_2)
     4    0.01                           _157_ (net)
                  0.10    0.00    2.28 ^ _243_/A (sky130_fd_sc_hd__clkbuf_2)
                  0.17    0.27    2.56 ^ _243_/X (sky130_fd_sc_hd__clkbuf_2)
     5    0.02                           _158_ (net)
                  0.17    0.00    2.56 ^ _244_/A (sky130_fd_sc_hd__clkbuf_2)
                  0.13    0.28    2.84 ^ _244_/X (sky130_fd_sc_hd__clkbuf_2)
     5    0.01                           _155_ (net)
                  0.13    0.00    2.84 ^ _247_/A (sky130_fd_sc_hd__clkbuf_1)
                  0.10    0.20    3.03 ^ _247_/X (sky130_fd_sc_hd__clkbuf_1)
     1    0.00                           _152_ (net)
                  0.10    0.00    3.03 ^ _514_/RESET_B (sky130_fd_sc_hd__dfrtp_1)
                                  3.03   data arrival time

                  0.00   10.00   10.00   clock clk (rise edge)
                          0.00   10.00   clock network delay (ideal)
                          0.00   10.00   clock reconvergence pessimism
                                 10.00 ^ _514_/CLK (sky130_fd_sc_hd__dfrtp_1)
                          0.43   10.43   library recovery time
                                 10.43   data required time
-----------------------------------------------------------------------------
                                 10.43   data required time
                                 -3.03   data arrival time
-----------------------------------------------------------------------------
                                  7.40   slack (MET)


Startpoint: y (input port clocked by clk)
Endpoint: _472_ (rising edge-triggered flip-flop clocked by clk)
Path Group: clk
Path Type: max

Fanout     Cap    Slew   Delay    Time   Description
-----------------------------------------------------------------------------
                  0.00    0.00    0.00   clock clk (rise edge)
                          0.00    0.00   clock network delay (ideal)
                          2.00    2.00 v input external delay
                  0.01    0.00    2.00 v y (in)
     1    0.00                           y (net)
                  0.01    0.00    2.00 v input34/A (sky130_fd_sc_hd__clkbuf_2)
                  0.12    0.22    2.22 v input34/X (sky130_fd_sc_hd__clkbuf_2)
     5    0.02                           net34 (net)
                  0.12    0.00    2.22 v _336_/A (sky130_fd_sc_hd__buf_1)
                  0.13    0.25    2.47 v _336_/X (sky130_fd_sc_hd__buf_1)
     5    0.01                           _180_ (net)
                  0.13    0.00    2.47 v _337_/A (sky130_fd_sc_hd__buf_1)
                  0.10    0.23    2.70 v _337_/X (sky130_fd_sc_hd__buf_1)
     5    0.01                           _181_ (net)
                  0.10    0.00    2.70 v _354_/A (sky130_fd_sc_hd__and2_1)
                  0.08    0.30    3.00 v _354_/X (sky130_fd_sc_hd__and2_1)
     3    0.00                           _190_ (net)
                  0.08    0.00    3.00 v _357_/B1 (sky130_fd_sc_hd__o2bb2a_1)
                  0.12    0.66    3.66 v _357_/X (sky130_fd_sc_hd__o2bb2a_1)
     1    0.00                           _055_ (net)
                  0.12    0.00    3.66 v _472_/D (sky130_fd_sc_hd__dfrtp_1)
                                  3.66   data arrival time

                  0.00   10.00   10.00   clock clk (rise edge)
                          0.00   10.00   clock network delay (ideal)
                          0.00   10.00   clock reconvergence pessimism
                                 10.00 ^ _472_/CLK (sky130_fd_sc_hd__dfrtp_1)
                         -0.32    9.68   library setup time
                                  9.68   data required time
-----------------------------------------------------------------------------
                                  9.68   data required time
                                 -3.66   data arrival time
-----------------------------------------------------------------------------
                                  6.02   slack (MET)


