Tue Mar 26 06:01:36 UTC 2024 - Executing "python3 /openLANE_flow/scripts/extract_metal_layers.py -t /home/vsduser/Desktop/work/tools/openlane_working_dir/pdks/sky130A/libs.ref/sky130_fd_sc_hd/techlef/sky130_fd_sc_hd.tlef -o /openLANE_flow/designs/picorv32a/runs/24-03_10-03/tmp/met_layers_list.txt"

Tue Mar 26 06:01:36 UTC 2024 - Executing "/openLANE_flow/scripts/mergeLef.py -i /home/vsduser/Desktop/work/tools/openlane_working_dir/pdks/sky130A/libs.ref/sky130_fd_sc_hd/techlef/sky130_fd_sc_hd.tlef {/home/vsduser/Desktop/work/tools/openlane_working_dir/pdks/sky130A/libs.ref/sky130_fd_sc_hd/lef/sky130_fd_sc_hd.lef /home/vsduser/Desktop/work/tools/openlane_working_dir/pdks/sky130A/libs.ref/sky130_fd_sc_hd/lef/sky130_ef_sc_hd__fill_12.lef /home/vsduser/Desktop/work/tools/openlane_working_dir/pdks/sky130A/libs.ref/sky130_fd_sc_hd/lef/sky130_ef_sc_hd__decap_12.lef /home/vsduser/Desktop/work/tools/openlane_working_dir/pdks/sky130A/libs.ref/sky130_fd_sc_hd/lef/sky130_ef_sc_hd__fakediode_2.lef} -o /openLANE_flow/designs/picorv32a/runs/24-03_10-03/tmp/merged_unpadded.lef |& tee >&@stdout"

Tue Mar 26 06:01:36 UTC 2024 - Executing "/openLANE_flow/scripts/mergeLef.py -i /openLANE_flow/designs/picorv32a/runs/24-03_10-03/tmp/merged_unpadded.lef /openLANE_flow/designs/picorv32a/src/sky130_vsdinv.lef -o /openLANE_flow/designs/picorv32a/runs/24-03_10-03/tmp/merged_unpadded.lef |& tee >&@stdout"

Tue Mar 26 06:01:37 UTC 2024 - Executing "/openLANE_flow/scripts/libtrim.pl /openLANE_flow/designs/picorv32a/src/sky130_fd_sc_hd__typical.lib /openLANE_flow/designs/picorv32a/runs/24-03_10-03/tmp/trimmed.lib.exclude.list > /openLANE_flow/designs/picorv32a/runs/24-03_10-03/tmp/trimmed.lib"

Tue Mar 26 06:01:37 UTC 2024 - Executing "echo {openlane v0.21} > /openLANE_flow/designs/picorv32a/runs/24-03_10-03/OPENLANE_VERSION"

Tue Mar 26 06:01:59 UTC 2024 - Executing "/openLANE_flow/scripts/mergeLef.py -i /openLANE_flow/designs/picorv32a/runs/24-03_10-03/tmp/merged.lef /openLANE_flow/designs/picorv32a/src/sky130_vsdinv.lef -o /openLANE_flow/designs/picorv32a/runs/24-03_10-03/tmp/merged.lef.new"

Tue Mar 26 06:01:59 UTC 2024 - Executing "/openLANE_flow/scripts/mergeLef.py -i /openLANE_flow/designs/picorv32a/runs/24-03_10-03/tmp/merged_unpadded.lef /openLANE_flow/designs/picorv32a/src/sky130_vsdinv.lef -o /openLANE_flow/designs/picorv32a/runs/24-03_10-03/tmp/merged_unpadded.lef.new"

Tue Mar 26 06:01:59 UTC 2024 - Executing "mv /openLANE_flow/designs/picorv32a/runs/24-03_10-03/tmp/merged.lef.new /openLANE_flow/designs/picorv32a/runs/24-03_10-03/tmp/merged.lef"

Tue Mar 26 06:01:59 UTC 2024 - Executing "mv /openLANE_flow/designs/picorv32a/runs/24-03_10-03/tmp/merged_unpadded.lef.new /openLANE_flow/designs/picorv32a/runs/24-03_10-03/tmp/merged_unpadded.lef"

Tue Mar 26 06:04:08 UTC 2024 - Executing "sed -E {s/^([[:space:]]+)pg_pin(.*)/\1pin\2\n\1    direction : "inout";/g} /openLANE_flow/designs/picorv32a/src/sky130_fd_sc_hd__typical.lib > /openLANE_flow/designs/picorv32a/runs/24-03_10-03/tmp/sky130_fd_sc_hd__typical.no_pg.lib"

Tue Mar 26 06:04:09 UTC 2024 - Executing "yosys -c /openLANE_flow/scripts/synth.tcl -l /openLANE_flow/designs/picorv32a/runs/24-03_10-03/logs/synthesis/6-yosys.log |& tee >&@stdout"

Tue Mar 26 06:05:06 UTC 2024 - Executing "sed -i -e {s/\(set ::env(CURRENT_NETLIST)\).*/\1 \/openLANE_flow\/designs\/picorv32a\/runs\/24-03_10-03\/results\/synthesis\/picorv32a.synthesis.v/} /openLANE_flow/designs/picorv32a/runs/24-03_10-03/config.tcl"

Tue Mar 26 06:05:06 UTC 2024 - Executing "sed -i -e {s/\(set ::env(PREV_NETLIST)\).*/\1 \/openLANE_flow\/designs\/picorv32a\/runs\/25-03_18-52\/results\/synthesis\/picorv32a.synthesis.v/} /openLANE_flow/designs/picorv32a/runs/24-03_10-03/config.tcl"

Tue Mar 26 06:05:06 UTC 2024 - Executing "sed -i /defparam/d /openLANE_flow/designs/picorv32a/runs/24-03_10-03/results/synthesis/picorv32a.synthesis.v"

Tue Mar 26 06:05:07 UTC 2024 - Executing "sta /openLANE_flow/scripts/sta.tcl |& tee >&@stdout /openLANE_flow/designs/picorv32a/runs/24-03_10-03/logs/synthesis/7-opensta"

Tue Mar 26 06:05:52 UTC 2024 - Executing "openroad -exit /openLANE_flow/scripts/openroad/or_floorplan.tcl |& tee >&@stdout /openLANE_flow/designs/picorv32a/runs/24-03_10-03/logs/floorplan/8-verilog2def.openroad.log"

Tue Mar 26 06:07:07 UTC 2024 - Executing "openroad -exit /openLANE_flow/scripts/openroad/or_ioplacer.tcl |& tee >&@stdout /openLANE_flow/designs/picorv32a/runs/24-03_10-03/logs/floorplan/9-ioPlacer.log"

Tue Mar 26 06:07:50 UTC 2024 - Executing "openroad -exit /openLANE_flow/scripts/openroad/or_tapcell.tcl |& tee >&@stdout /openLANE_flow/designs/picorv32a/runs/24-03_10-03/logs/floorplan/10-tapcell.log"

Tue Mar 26 06:08:42 UTC 2024 - Executing "openroad -exit /openLANE_flow/scripts/openroad/or_replace.tcl |& tee >&@stdout /openLANE_flow/designs/picorv32a/runs/24-03_10-03/logs/placement/11-replace.log"

Tue Mar 26 06:08:57 UTC 2024 - Executing "openroad -exit /openLANE_flow/scripts/openroad/or_resizer.tcl |& tee >&@stdout /openLANE_flow/designs/picorv32a/runs/24-03_10-03/logs/placement/11-resizer.log"

Tue Mar 26 06:09:08 UTC 2024 - Executing "openroad -exit /openLANE_flow/scripts/openroad/or_write_verilog.tcl |& tee >&@stdout /openLANE_flow/designs/picorv32a/runs/24-03_10-03/logs/12-write_verilog.log"

Tue Mar 26 06:09:09 UTC 2024 - Executing "sed -i -e {s/\(set ::env(CURRENT_NETLIST)\).*/\1 \/openLANE_flow\/designs\/picorv32a\/runs\/24-03_10-03\/results\/synthesis\/picorv32a.synthesis_optimized.v/} /openLANE_flow/designs/picorv32a/runs/24-03_10-03/config.tcl"

Tue Mar 26 06:09:09 UTC 2024 - Executing "sed -i -e {s/\(set ::env(PREV_NETLIST)\).*/\1 \/openLANE_flow\/designs\/picorv32a\/runs\/24-03_10-03\/results\/synthesis\/picorv32a.synthesis.v/} /openLANE_flow/designs/picorv32a/runs/24-03_10-03/config.tcl"

Tue Mar 26 06:09:10 UTC 2024 - Executing "sta /openLANE_flow/scripts/sta.tcl |& tee >&@stdout /openLANE_flow/designs/picorv32a/runs/24-03_10-03/logs/synthesis/13-opensta_post_resizer"

Tue Mar 26 06:09:11 UTC 2024 - Executing "openroad -exit /openLANE_flow/scripts/openroad/or_opendp.tcl |& tee >&@stdout /openLANE_flow/designs/picorv32a/runs/24-03_10-03/logs/placement/14-opendp.log"

Tue Mar 26 06:09:13 UTC 2024 - Executing "bash /openLANE_flow/scripts/klayout/scrotLayout.sh /home/vsduser/Desktop/work/tools/openlane_working_dir/pdks/sky130A/libs.tech/klayout/sky130A.lyt /openLANE_flow/designs/picorv32a/runs/24-03_10-03/results/placement/picorv32a.placement.def |& tee >&@stdout /openLANE_flow/designs/picorv32a/runs/24-03_10-03/logs/klayout/15-klayout.scrot.log"

Tue Mar 26 06:10:54 UTC 2024 - Executing "openroad -exit /openLANE_flow/scripts/openroad/or_cts.tcl |& tee >&@stdout /openLANE_flow/designs/picorv32a/runs/24-03_10-03/logs/cts/16-cts.log"

Tue Mar 26 06:28:29 UTC 2024 - Executing "/openLANE_flow/scripts/libtrim.pl /openLANE_flow/designs/picorv32a/src/sky130_fd_sc_hd__typical.lib /openLANE_flow/designs/picorv32a/runs/24-03_10-03/tmp/cts.lib.exclude.list > /openLANE_flow/designs/picorv32a/runs/24-03_10-03/tmp/cts.lib"

Tue Mar 26 06:28:30 UTC 2024 - Executing "openroad -exit /openLANE_flow/scripts/openroad/or_cts.tcl |& tee >&@stdout /openLANE_flow/designs/picorv32a/runs/24-03_10-03/logs/cts/17-cts.log"

Tue Mar 26 06:29:49 UTC 2024 - Executing "openroad -exit /openLANE_flow/scripts/openroad/or_write_verilog.tcl |& tee >&@stdout /openLANE_flow/designs/picorv32a/runs/24-03_10-03/logs/18-write_verilog.log"

Tue Mar 26 06:29:50 UTC 2024 - Executing "sed -i -e {s/\(set ::env(CURRENT_NETLIST)\).*/\1 \/openLANE_flow\/designs\/picorv32a\/runs\/24-03_10-03\/results\/synthesis\/picorv32a.synthesis_cts.v/} /openLANE_flow/designs/picorv32a/runs/24-03_10-03/config.tcl"

Tue Mar 26 06:29:50 UTC 2024 - Executing "sed -i -e {s/\(set ::env(PREV_NETLIST)\).*/\1 \/openLANE_flow\/designs\/picorv32a\/runs\/24-03_10-03\/results\/synthesis\/picorv32a.synthesis_optimized.v/} /openLANE_flow/designs/picorv32a/runs/24-03_10-03/config.tcl"

Tue Mar 26 06:29:50 UTC 2024 - Executing "bash /openLANE_flow/scripts/klayout/scrotLayout.sh /home/vsduser/Desktop/work/tools/openlane_working_dir/pdks/sky130A/libs.tech/klayout/sky130A.lyt /openLANE_flow/designs/picorv32a/runs/24-03_10-03/results/cts/picorv32a.cts.def |& tee >&@stdout /openLANE_flow/designs/picorv32a/runs/24-03_10-03/logs/klayout/19-klayout.scrot.log"

Tue Mar 26 08:11:21 UTC 2024 - Executing "openroad -exit /openLANE_flow/scripts/openroad/or_cts.tcl |& tee >&@stdout /openLANE_flow/designs/picorv32a/runs/24-03_10-03/logs/cts/20-cts.log"

Tue Mar 26 08:12:05 UTC 2024 - Executing "openroad -exit /openLANE_flow/scripts/openroad/or_write_verilog.tcl |& tee >&@stdout /openLANE_flow/designs/picorv32a/runs/24-03_10-03/logs/21-write_verilog.log"

Tue Mar 26 08:12:06 UTC 2024 - Executing "sed -i -e {s/\(set ::env(CURRENT_NETLIST)\).*/\1 \/openLANE_flow\/designs\/picorv32a\/runs\/24-03_10-03\/results\/synthesis\/picorv32a.synthesis_cts.v/} /openLANE_flow/designs/picorv32a/runs/24-03_10-03/config.tcl"

Tue Mar 26 08:12:06 UTC 2024 - Executing "sed -i -e {s/\(set ::env(PREV_NETLIST)\).*/\1 \/openLANE_flow\/designs\/picorv32a\/runs\/24-03_10-03\/results\/synthesis\/picorv32a.synthesis_cts.v/} /openLANE_flow/designs/picorv32a/runs/24-03_10-03/config.tcl"

Tue Mar 26 08:12:06 UTC 2024 - Executing "bash /openLANE_flow/scripts/klayout/scrotLayout.sh /home/vsduser/Desktop/work/tools/openlane_working_dir/pdks/sky130A/libs.tech/klayout/sky130A.lyt /openLANE_flow/designs/picorv32a/runs/24-03_10-03/results/cts/picorv32a.cts.def |& tee >&@stdout /openLANE_flow/designs/picorv32a/runs/24-03_10-03/logs/klayout/22-klayout.scrot.log"

